{"D:\\Uni\\HTW\\9.Semester\\Bachelorarbeit\\PROCRM\\crm-candidates-service\\src\\controllers\\candidatoController.ts": {"path":"D:\\Uni\\HTW\\9.Semester\\Bachelorarbeit\\PROCRM\\crm-candidates-service\\src\\controllers\\candidatoController.ts","statementMap":{"0":{"start":{"line":3,"column":0},"end":{"line":3,"column":44}},"1":{"start":{"line":4,"column":0},"end":{"line":4,"column":51}},"2":{"start":{"line":5,"column":0},"end":{"line":5,"column":37}},"3":{"start":{"line":6,"column":0},"end":{"line":6,"column":31}},"4":{"start":{"line":7,"column":0},"end":{"line":7,"column":36}},"5":{"start":{"line":90,"column":29},"end":{"line":131,"column":1}},"6":{"start":{"line":91,"column":19},"end":{"line":91,"column":40}},"7":{"start":{"line":92,"column":4},"end":{"line":96,"column":5}},"8":{"start":{"line":93,"column":8},"end":{"line":93,"column":59}},"9":{"start":{"line":94,"column":8},"end":{"line":94,"column":57}},"10":{"start":{"line":95,"column":8},"end":{"line":95,"column":14}},"11":{"start":{"line":98,"column":4},"end":{"line":130,"column":5}},"12":{"start":{"line":99,"column":21},"end":{"line":99,"column":60}},"13":{"start":{"line":100,"column":25},"end":{"line":100,"column":69}},"14":{"start":{"line":102,"column":23},"end":{"line":102,"column":44}},"15":{"start":{"line":104,"column":22},"end":{"line":104,"column":71}},"16":{"start":{"line":105,"column":28},"end":{"line":111,"column":14}},"17":{"start":{"line":113,"column":44},"end":{"line":118,"column":10}},"18":{"start":{"line":120,"column":8},"end":{"line":125,"column":11}},"19":{"start":{"line":126,"column":8},"end":{"line":126,"column":14}},"20":{"start":{"line":128,"column":8},"end":{"line":128,"column":70}},"21":{"start":{"line":129,"column":8},"end":{"line":129,"column":14}},"22":{"start":{"line":90,"column":13},"end":{"line":90,"column":29}},"23":{"start":{"line":159,"column":41},"end":{"line":183,"column":1}},"24":{"start":{"line":160,"column":19},"end":{"line":160,"column":40}},"25":{"start":{"line":161,"column":4},"end":{"line":165,"column":5}},"26":{"start":{"line":162,"column":8},"end":{"line":162,"column":60}},"27":{"start":{"line":163,"column":8},"end":{"line":163,"column":57}},"28":{"start":{"line":164,"column":8},"end":{"line":164,"column":14}},"29":{"start":{"line":166,"column":4},"end":{"line":182,"column":5}},"30":{"start":{"line":167,"column":30},"end":{"line":167,"column":53}},"31":{"start":{"line":168,"column":26},"end":{"line":168,"column":64}},"32":{"start":{"line":169,"column":8},"end":{"line":177,"column":9}},"33":{"start":{"line":170,"column":12},"end":{"line":170,"column":null}},"34":{"start":{"line":171,"column":12},"end":{"line":171,"column":46}},"35":{"start":{"line":172,"column":12},"end":{"line":172,"column":18}},"36":{"start":{"line":174,"column":12},"end":{"line":174,"column":null}},"37":{"start":{"line":175,"column":12},"end":{"line":175,"column":67}},"38":{"start":{"line":176,"column":12},"end":{"line":176,"column":18}},"39":{"start":{"line":179,"column":8},"end":{"line":179,"column":59}},"40":{"start":{"line":180,"column":8},"end":{"line":180,"column":69}},"41":{"start":{"line":181,"column":8},"end":{"line":181,"column":14}},"42":{"start":{"line":159,"column":13},"end":{"line":159,"column":41}},"43":{"start":{"line":209,"column":31},"end":{"line":226,"column":1}},"44":{"start":{"line":210,"column":19},"end":{"line":210,"column":40}},"45":{"start":{"line":211,"column":4},"end":{"line":215,"column":5}},"46":{"start":{"line":212,"column":8},"end":{"line":212,"column":59}},"47":{"start":{"line":213,"column":8},"end":{"line":213,"column":57}},"48":{"start":{"line":214,"column":8},"end":{"line":214,"column":14}},"49":{"start":{"line":216,"column":4},"end":{"line":225,"column":5}},"50":{"start":{"line":217,"column":26},"end":{"line":217,"column":58}},"51":{"start":{"line":218,"column":8},"end":{"line":218,"column":null}},"52":{"start":{"line":219,"column":8},"end":{"line":219,"column":42}},"53":{"start":{"line":220,"column":8},"end":{"line":220,"column":14}},"54":{"start":{"line":222,"column":8},"end":{"line":222,"column":58}},"55":{"start":{"line":223,"column":8},"end":{"line":223,"column":70}},"56":{"start":{"line":224,"column":8},"end":{"line":224,"column":14}},"57":{"start":{"line":209,"column":13},"end":{"line":209,"column":31}},"58":{"start":{"line":261,"column":31},"end":{"line":286,"column":1}},"59":{"start":{"line":262,"column":19},"end":{"line":262,"column":40}},"60":{"start":{"line":263,"column":4},"end":{"line":267,"column":5}},"61":{"start":{"line":264,"column":8},"end":{"line":264,"column":72}},"62":{"start":{"line":265,"column":8},"end":{"line":265,"column":57}},"63":{"start":{"line":266,"column":8},"end":{"line":266,"column":14}},"64":{"start":{"line":268,"column":4},"end":{"line":285,"column":5}},"65":{"start":{"line":269,"column":25},"end":{"line":269,"column":48}},"66":{"start":{"line":270,"column":22},"end":{"line":270,"column":83}},"67":{"start":{"line":271,"column":4},"end":{"line":280,"column":5}},"68":{"start":{"line":272,"column":33},"end":{"line":272,"column":71}},"69":{"start":{"line":273,"column":8},"end":{"line":273,"column":null}},"70":{"start":{"line":274,"column":8},"end":{"line":274,"column":49}},"71":{"start":{"line":275,"column":8},"end":{"line":275,"column":14}},"72":{"start":{"line":277,"column":8},"end":{"line":277,"column":null}},"73":{"start":{"line":278,"column":8},"end":{"line":278,"column":63}},"74":{"start":{"line":279,"column":8},"end":{"line":279,"column":14}},"75":{"start":{"line":282,"column":8},"end":{"line":282,"column":63}},"76":{"start":{"line":283,"column":8},"end":{"line":283,"column":70}},"77":{"start":{"line":284,"column":8},"end":{"line":284,"column":14}},"78":{"start":{"line":261,"column":13},"end":{"line":261,"column":31}},"79":{"start":{"line":309,"column":31},"end":{"line":333,"column":1}},"80":{"start":{"line":310,"column":19},"end":{"line":310,"column":40}},"81":{"start":{"line":311,"column":4},"end":{"line":315,"column":5}},"82":{"start":{"line":312,"column":8},"end":{"line":312,"column":62}},"83":{"start":{"line":313,"column":8},"end":{"line":313,"column":57}},"84":{"start":{"line":314,"column":8},"end":{"line":314,"column":14}},"85":{"start":{"line":316,"column":4},"end":{"line":332,"column":5}},"86":{"start":{"line":317,"column":25},"end":{"line":317,"column":48}},"87":{"start":{"line":318,"column":20},"end":{"line":318,"column":72}},"88":{"start":{"line":319,"column":4},"end":{"line":327,"column":5}},"89":{"start":{"line":320,"column":8},"end":{"line":320,"column":null}},"90":{"start":{"line":321,"column":8},"end":{"line":321,"column":31}},"91":{"start":{"line":322,"column":8},"end":{"line":322,"column":14}},"92":{"start":{"line":324,"column":8},"end":{"line":324,"column":null}},"93":{"start":{"line":325,"column":8},"end":{"line":325,"column":63}},"94":{"start":{"line":326,"column":8},"end":{"line":326,"column":14}},"95":{"start":{"line":329,"column":8},"end":{"line":329,"column":61}},"96":{"start":{"line":330,"column":8},"end":{"line":330,"column":70}},"97":{"start":{"line":331,"column":8},"end":{"line":331,"column":14}},"98":{"start":{"line":309,"column":13},"end":{"line":309,"column":31}}},"fnMap":{"0":{"name":"(anonymous_1)","decl":{"start":{"line":90,"column":29},"end":{"line":90,"column":34}},"loc":{"start":{"line":90,"column":67},"end":{"line":131,"column":1}}},"1":{"name":"(anonymous_2)","decl":{"start":{"line":159,"column":41},"end":{"line":159,"column":46}},"loc":{"start":{"line":159,"column":79},"end":{"line":183,"column":1}}},"2":{"name":"(anonymous_3)","decl":{"start":{"line":209,"column":31},"end":{"line":209,"column":36}},"loc":{"start":{"line":209,"column":84},"end":{"line":226,"column":1}}},"3":{"name":"(anonymous_4)","decl":{"start":{"line":261,"column":31},"end":{"line":261,"column":36}},"loc":{"start":{"line":261,"column":69},"end":{"line":286,"column":1}}},"4":{"name":"(anonymous_5)","decl":{"start":{"line":309,"column":31},"end":{"line":309,"column":36}},"loc":{"start":{"line":309,"column":69},"end":{"line":333,"column":1}}}},"branchMap":{"0":{"loc":{"start":{"line":92,"column":4},"end":{"line":96,"column":5}},"type":"if","locations":[{"start":{"line":92,"column":4},"end":{"line":96,"column":5}}]},"1":{"loc":{"start":{"line":99,"column":21},"end":{"line":99,"column":60}},"type":"binary-expr","locations":[{"start":{"line":99,"column":21},"end":{"line":99,"column":55}},{"start":{"line":99,"column":59},"end":{"line":99,"column":60}}]},"2":{"loc":{"start":{"line":100,"column":25},"end":{"line":100,"column":69}},"type":"binary-expr","locations":[{"start":{"line":100,"column":25},"end":{"line":100,"column":63}},{"start":{"line":100,"column":67},"end":{"line":100,"column":69}}]},"3":{"loc":{"start":{"line":104,"column":22},"end":{"line":104,"column":71}},"type":"cond-expr","locations":[{"start":{"line":104,"column":40},"end":{"line":104,"column":66}},{"start":{"line":104,"column":69},"end":{"line":104,"column":71}}]},"4":{"loc":{"start":{"line":105,"column":28},"end":{"line":111,"column":14}},"type":"cond-expr","locations":[{"start":{"line":105,"column":36},"end":{"line":111,"column":10}},{"start":{"line":111,"column":12},"end":{"line":111,"column":14}}]},"5":{"loc":{"start":{"line":161,"column":4},"end":{"line":165,"column":5}},"type":"if","locations":[{"start":{"line":161,"column":4},"end":{"line":165,"column":5}}]},"6":{"loc":{"start":{"line":169,"column":8},"end":{"line":177,"column":9}},"type":"if","locations":[{"start":{"line":169,"column":8},"end":{"line":177,"column":9}},{"start":{"line":173,"column":15},"end":{"line":177,"column":9}}]},"7":{"loc":{"start":{"line":211,"column":4},"end":{"line":215,"column":5}},"type":"if","locations":[{"start":{"line":211,"column":4},"end":{"line":215,"column":5}}]},"8":{"loc":{"start":{"line":263,"column":4},"end":{"line":267,"column":5}},"type":"if","locations":[{"start":{"line":263,"column":4},"end":{"line":267,"column":5}}]},"9":{"loc":{"start":{"line":271,"column":4},"end":{"line":280,"column":5}},"type":"if","locations":[{"start":{"line":271,"column":4},"end":{"line":280,"column":5}},{"start":{"line":276,"column":11},"end":{"line":280,"column":5}}]},"10":{"loc":{"start":{"line":311,"column":4},"end":{"line":315,"column":5}},"type":"if","locations":[{"start":{"line":311,"column":4},"end":{"line":315,"column":5}}]},"11":{"loc":{"start":{"line":319,"column":4},"end":{"line":327,"column":5}},"type":"if","locations":[{"start":{"line":319,"column":4},"end":{"line":327,"column":5}},{"start":{"line":323,"column":11},"end":{"line":327,"column":5}}]}},"s":{"0":1,"1":1,"2":1,"3":1,"4":1,"5":1,"6":2,"7":2,"8":1,"9":1,"10":1,"11":1,"12":1,"13":1,"14":1,"15":1,"16":1,"17":1,"18":1,"19":1,"20":0,"21":0,"22":1,"23":1,"24":2,"25":2,"26":0,"27":0,"28":0,"29":2,"30":2,"31":2,"32":2,"33":1,"34":1,"35":1,"36":1,"37":1,"38":1,"39":0,"40":0,"41":0,"42":1,"43":1,"44":0,"45":0,"46":0,"47":0,"48":0,"49":0,"50":0,"51":0,"52":0,"53":0,"54":0,"55":0,"56":0,"57":1,"58":1,"59":2,"60":2,"61":0,"62":0,"63":0,"64":2,"65":2,"66":2,"67":2,"68":1,"69":1,"70":1,"71":1,"72":1,"73":1,"74":1,"75":0,"76":0,"77":0,"78":1,"79":1,"80":0,"81":0,"82":0,"83":0,"84":0,"85":0,"86":0,"87":0,"88":0,"89":0,"90":0,"91":0,"92":0,"93":0,"94":0,"95":0,"96":0,"97":0,"98":1},"f":{"0":2,"1":2,"2":0,"3":2,"4":0},"b":{"0":[1],"1":[1,0],"2":[1,0],"3":[1,0],"4":[1,0],"5":[0],"6":[1,1],"7":[0],"8":[0],"9":[1,1],"10":[0],"11":[0,0]}}
,"D:\\Uni\\HTW\\9.Semester\\Bachelorarbeit\\PROCRM\\crm-candidates-service\\src\\controllers\\contactoController.ts": {"path":"D:\\Uni\\HTW\\9.Semester\\Bachelorarbeit\\PROCRM\\crm-candidates-service\\src\\controllers\\contactoController.ts","statementMap":{"0":{"start":{"line":3,"column":0},"end":{"line":3,"column":42}},"1":{"start":{"line":4,"column":0},"end":{"line":4,"column":51}},"2":{"start":{"line":5,"column":0},"end":{"line":5,"column":37}},"3":{"start":{"line":65,"column":31},"end":{"line":82,"column":1}},"4":{"start":{"line":66,"column":17},"end":{"line":66,"column":38}},"5":{"start":{"line":67,"column":2},"end":{"line":71,"column":3}},"6":{"start":{"line":68,"column":4},"end":{"line":68,"column":56}},"7":{"start":{"line":69,"column":4},"end":{"line":69,"column":53}},"8":{"start":{"line":70,"column":4},"end":{"line":70,"column":10}},"9":{"start":{"line":72,"column":2},"end":{"line":81,"column":3}},"10":{"start":{"line":73,"column":22},"end":{"line":73,"column":46}},"11":{"start":{"line":74,"column":4},"end":{"line":74,"column":null}},"12":{"start":{"line":75,"column":4},"end":{"line":75,"column":36}},"13":{"start":{"line":76,"column":4},"end":{"line":76,"column":10}},"14":{"start":{"line":78,"column":4},"end":{"line":78,"column":55}},"15":{"start":{"line":79,"column":4},"end":{"line":79,"column":65}},"16":{"start":{"line":80,"column":4},"end":{"line":80,"column":10}},"17":{"start":{"line":65,"column":13},"end":{"line":65,"column":31}},"18":{"start":{"line":109,"column":31},"end":{"line":133,"column":1}},"19":{"start":{"line":110,"column":17},"end":{"line":110,"column":38}},"20":{"start":{"line":111,"column":2},"end":{"line":115,"column":3}},"21":{"start":{"line":112,"column":4},"end":{"line":112,"column":55}},"22":{"start":{"line":113,"column":4},"end":{"line":113,"column":53}},"23":{"start":{"line":114,"column":4},"end":{"line":114,"column":10}},"24":{"start":{"line":116,"column":2},"end":{"line":132,"column":3}},"25":{"start":{"line":117,"column":19},"end":{"line":117,"column":29}},"26":{"start":{"line":118,"column":21},"end":{"line":118,"column":48}},"27":{"start":{"line":119,"column":4},"end":{"line":127,"column":5}},"28":{"start":{"line":120,"column":6},"end":{"line":120,"column":null}},"29":{"start":{"line":121,"column":6},"end":{"line":121,"column":37}},"30":{"start":{"line":122,"column":6},"end":{"line":122,"column":12}},"31":{"start":{"line":124,"column":6},"end":{"line":124,"column":null}},"32":{"start":{"line":125,"column":6},"end":{"line":125,"column":60}},"33":{"start":{"line":126,"column":6},"end":{"line":126,"column":12}},"34":{"start":{"line":129,"column":4},"end":{"line":129,"column":54}},"35":{"start":{"line":130,"column":4},"end":{"line":130,"column":64}},"36":{"start":{"line":131,"column":4},"end":{"line":131,"column":10}},"37":{"start":{"line":109,"column":13},"end":{"line":109,"column":31}},"38":{"start":{"line":162,"column":41},"end":{"line":180,"column":1}},"39":{"start":{"line":163,"column":17},"end":{"line":163,"column":38}},"40":{"start":{"line":164,"column":2},"end":{"line":168,"column":3}},"41":{"start":{"line":165,"column":4},"end":{"line":165,"column":56}},"42":{"start":{"line":166,"column":4},"end":{"line":166,"column":53}},"43":{"start":{"line":167,"column":4},"end":{"line":167,"column":10}},"44":{"start":{"line":169,"column":2},"end":{"line":179,"column":5}},"45":{"start":{"line":170,"column":30},"end":{"line":170,"column":53}},"46":{"start":{"line":171,"column":26},"end":{"line":171,"column":91}},"47":{"start":{"line":172,"column":8},"end":{"line":172,"column":null}},"48":{"start":{"line":173,"column":8},"end":{"line":173,"column":40}},"49":{"start":{"line":174,"column":8},"end":{"line":174,"column":14}},"50":{"start":{"line":176,"column":4},"end":{"line":176,"column":55}},"51":{"start":{"line":177,"column":8},"end":{"line":177,"column":69}},"52":{"start":{"line":178,"column":8},"end":{"line":178,"column":14}},"53":{"start":{"line":162,"column":13},"end":{"line":162,"column":41}},"54":{"start":{"line":206,"column":30},"end":{"line":223,"column":1}},"55":{"start":{"line":207,"column":17},"end":{"line":207,"column":38}},"56":{"start":{"line":208,"column":2},"end":{"line":212,"column":3}},"57":{"start":{"line":209,"column":4},"end":{"line":209,"column":54}},"58":{"start":{"line":210,"column":5},"end":{"line":210,"column":54}},"59":{"start":{"line":211,"column":5},"end":{"line":211,"column":11}},"60":{"start":{"line":213,"column":2},"end":{"line":222,"column":3}},"61":{"start":{"line":214,"column":21},"end":{"line":214,"column":52}},"62":{"start":{"line":215,"column":4},"end":{"line":215,"column":null}},"63":{"start":{"line":216,"column":4},"end":{"line":216,"column":35}},"64":{"start":{"line":217,"column":4},"end":{"line":217,"column":10}},"65":{"start":{"line":219,"column":4},"end":{"line":219,"column":53}},"66":{"start":{"line":220,"column":4},"end":{"line":220,"column":65}},"67":{"start":{"line":221,"column":4},"end":{"line":221,"column":10}},"68":{"start":{"line":206,"column":13},"end":{"line":206,"column":30}},"69":{"start":{"line":257,"column":30},"end":{"line":282,"column":1}},"70":{"start":{"line":258,"column":17},"end":{"line":258,"column":38}},"71":{"start":{"line":259,"column":2},"end":{"line":263,"column":3}},"72":{"start":{"line":260,"column":4},"end":{"line":260,"column":59}},"73":{"start":{"line":261,"column":4},"end":{"line":261,"column":53}},"74":{"start":{"line":262,"column":4},"end":{"line":262,"column":10}},"75":{"start":{"line":264,"column":2},"end":{"line":281,"column":3}},"76":{"start":{"line":265,"column":17},"end":{"line":265,"column":30}},"77":{"start":{"line":266,"column":22},"end":{"line":266,"column":72}},"78":{"start":{"line":267,"column":4},"end":{"line":276,"column":5}},"79":{"start":{"line":268,"column":30},"end":{"line":268,"column":57}},"80":{"start":{"line":269,"column":6},"end":{"line":269,"column":null}},"81":{"start":{"line":270,"column":6},"end":{"line":270,"column":44}},"82":{"start":{"line":271,"column":6},"end":{"line":271,"column":12}},"83":{"start":{"line":273,"column":6},"end":{"line":273,"column":null}},"84":{"start":{"line":274,"column":6},"end":{"line":274,"column":60}},"85":{"start":{"line":275,"column":6},"end":{"line":275,"column":12}},"86":{"start":{"line":278,"column":4},"end":{"line":278,"column":58}},"87":{"start":{"line":279,"column":4},"end":{"line":279,"column":65}},"88":{"start":{"line":280,"column":4},"end":{"line":280,"column":10}},"89":{"start":{"line":257,"column":13},"end":{"line":257,"column":30}},"90":{"start":{"line":305,"column":30},"end":{"line":329,"column":1}},"91":{"start":{"line":306,"column":17},"end":{"line":306,"column":38}},"92":{"start":{"line":307,"column":2},"end":{"line":311,"column":3}},"93":{"start":{"line":308,"column":4},"end":{"line":308,"column":57}},"94":{"start":{"line":309,"column":4},"end":{"line":309,"column":53}},"95":{"start":{"line":310,"column":4},"end":{"line":310,"column":10}},"96":{"start":{"line":312,"column":2},"end":{"line":328,"column":3}},"97":{"start":{"line":313,"column":15},"end":{"line":313,"column":28}},"98":{"start":{"line":314,"column":20},"end":{"line":314,"column":61}},"99":{"start":{"line":315,"column":4},"end":{"line":323,"column":5}},"100":{"start":{"line":316,"column":6},"end":{"line":316,"column":null}},"101":{"start":{"line":317,"column":6},"end":{"line":317,"column":29}},"102":{"start":{"line":318,"column":6},"end":{"line":318,"column":12}},"103":{"start":{"line":320,"column":6},"end":{"line":320,"column":null}},"104":{"start":{"line":321,"column":6},"end":{"line":321,"column":60}},"105":{"start":{"line":322,"column":6},"end":{"line":322,"column":12}},"106":{"start":{"line":325,"column":4},"end":{"line":325,"column":56}},"107":{"start":{"line":326,"column":4},"end":{"line":326,"column":65}},"108":{"start":{"line":327,"column":4},"end":{"line":327,"column":10}},"109":{"start":{"line":305,"column":13},"end":{"line":305,"column":30}}},"fnMap":{"0":{"name":"(anonymous_1)","decl":{"start":{"line":65,"column":31},"end":{"line":65,"column":36}},"loc":{"start":{"line":65,"column":69},"end":{"line":82,"column":1}}},"1":{"name":"(anonymous_2)","decl":{"start":{"line":109,"column":31},"end":{"line":109,"column":36}},"loc":{"start":{"line":109,"column":69},"end":{"line":133,"column":1}}},"2":{"name":"(anonymous_3)","decl":{"start":{"line":162,"column":41},"end":{"line":162,"column":46}},"loc":{"start":{"line":162,"column":79},"end":{"line":180,"column":1}}},"3":{"name":"(anonymous_4)","decl":{"start":{"line":206,"column":30},"end":{"line":206,"column":35}},"loc":{"start":{"line":206,"column":83},"end":{"line":223,"column":1}}},"4":{"name":"(anonymous_5)","decl":{"start":{"line":257,"column":30},"end":{"line":257,"column":35}},"loc":{"start":{"line":257,"column":68},"end":{"line":282,"column":1}}},"5":{"name":"(anonymous_6)","decl":{"start":{"line":305,"column":30},"end":{"line":305,"column":35}},"loc":{"start":{"line":305,"column":68},"end":{"line":329,"column":1}}}},"branchMap":{"0":{"loc":{"start":{"line":67,"column":2},"end":{"line":71,"column":3}},"type":"if","locations":[{"start":{"line":67,"column":2},"end":{"line":71,"column":3}}]},"1":{"loc":{"start":{"line":111,"column":2},"end":{"line":115,"column":3}},"type":"if","locations":[{"start":{"line":111,"column":2},"end":{"line":115,"column":3}}]},"2":{"loc":{"start":{"line":119,"column":4},"end":{"line":127,"column":5}},"type":"if","locations":[{"start":{"line":119,"column":4},"end":{"line":127,"column":5}},{"start":{"line":123,"column":11},"end":{"line":127,"column":5}}]},"3":{"loc":{"start":{"line":164,"column":2},"end":{"line":168,"column":3}},"type":"if","locations":[{"start":{"line":164,"column":2},"end":{"line":168,"column":3}}]},"4":{"loc":{"start":{"line":208,"column":2},"end":{"line":212,"column":3}},"type":"if","locations":[{"start":{"line":208,"column":2},"end":{"line":212,"column":3}}]},"5":{"loc":{"start":{"line":259,"column":2},"end":{"line":263,"column":3}},"type":"if","locations":[{"start":{"line":259,"column":2},"end":{"line":263,"column":3}}]},"6":{"loc":{"start":{"line":267,"column":4},"end":{"line":276,"column":5}},"type":"if","locations":[{"start":{"line":267,"column":4},"end":{"line":276,"column":5}},{"start":{"line":272,"column":11},"end":{"line":276,"column":5}}]},"7":{"loc":{"start":{"line":307,"column":2},"end":{"line":311,"column":3}},"type":"if","locations":[{"start":{"line":307,"column":2},"end":{"line":311,"column":3}}]},"8":{"loc":{"start":{"line":315,"column":4},"end":{"line":323,"column":5}},"type":"if","locations":[{"start":{"line":315,"column":4},"end":{"line":323,"column":5}},{"start":{"line":319,"column":11},"end":{"line":323,"column":5}}]}},"s":{"0":1,"1":1,"2":1,"3":1,"4":0,"5":0,"6":0,"7":0,"8":0,"9":0,"10":0,"11":0,"12":0,"13":0,"14":0,"15":0,"16":0,"17":1,"18":1,"19":0,"20":0,"21":0,"22":0,"23":0,"24":0,"25":0,"26":0,"27":0,"28":0,"29":0,"30":0,"31":0,"32":0,"33":0,"34":0,"35":0,"36":0,"37":1,"38":1,"39":1,"40":1,"41":0,"42":0,"43":0,"44":1,"45":1,"46":1,"47":1,"48":1,"49":1,"50":0,"51":0,"52":0,"53":1,"54":1,"55":0,"56":0,"57":0,"58":0,"59":0,"60":0,"61":0,"62":0,"63":0,"64":0,"65":0,"66":0,"67":0,"68":1,"69":1,"70":2,"71":2,"72":0,"73":0,"74":0,"75":2,"76":2,"77":2,"78":2,"79":1,"80":1,"81":1,"82":1,"83":1,"84":1,"85":1,"86":0,"87":0,"88":0,"89":1,"90":1,"91":0,"92":0,"93":0,"94":0,"95":0,"96":0,"97":0,"98":0,"99":0,"100":0,"101":0,"102":0,"103":0,"104":0,"105":0,"106":0,"107":0,"108":0,"109":1},"f":{"0":0,"1":0,"2":1,"3":0,"4":2,"5":0},"b":{"0":[0],"1":[0],"2":[0,0],"3":[0],"4":[0],"5":[0],"6":[1,1],"7":[0],"8":[0,0]}}
,"D:\\Uni\\HTW\\9.Semester\\Bachelorarbeit\\PROCRM\\crm-candidates-service\\src\\controllers\\estudioController.ts": {"path":"D:\\Uni\\HTW\\9.Semester\\Bachelorarbeit\\PROCRM\\crm-candidates-service\\src\\controllers\\estudioController.ts","statementMap":{"0":{"start":{"line":3,"column":0},"end":{"line":3,"column":40}},"1":{"start":{"line":4,"column":0},"end":{"line":4,"column":51}},"2":{"start":{"line":5,"column":0},"end":{"line":5,"column":37}},"3":{"start":{"line":61,"column":30},"end":{"line":78,"column":1}},"4":{"start":{"line":62,"column":17},"end":{"line":62,"column":38}},"5":{"start":{"line":63,"column":2},"end":{"line":67,"column":3}},"6":{"start":{"line":64,"column":4},"end":{"line":64,"column":55}},"7":{"start":{"line":65,"column":4},"end":{"line":65,"column":53}},"8":{"start":{"line":66,"column":4},"end":{"line":66,"column":10}},"9":{"start":{"line":68,"column":2},"end":{"line":77,"column":3}},"10":{"start":{"line":69,"column":21},"end":{"line":69,"column":44}},"11":{"start":{"line":70,"column":4},"end":{"line":70,"column":null}},"12":{"start":{"line":71,"column":4},"end":{"line":71,"column":35}},"13":{"start":{"line":72,"column":4},"end":{"line":72,"column":10}},"14":{"start":{"line":74,"column":4},"end":{"line":74,"column":54}},"15":{"start":{"line":75,"column":4},"end":{"line":75,"column":64}},"16":{"start":{"line":76,"column":4},"end":{"line":76,"column":10}},"17":{"start":{"line":61,"column":13},"end":{"line":61,"column":30}},"18":{"start":{"line":105,"column":30},"end":{"line":129,"column":1}},"19":{"start":{"line":106,"column":17},"end":{"line":106,"column":38}},"20":{"start":{"line":107,"column":2},"end":{"line":111,"column":3}},"21":{"start":{"line":108,"column":4},"end":{"line":108,"column":54}},"22":{"start":{"line":109,"column":4},"end":{"line":109,"column":53}},"23":{"start":{"line":110,"column":4},"end":{"line":110,"column":10}},"24":{"start":{"line":112,"column":2},"end":{"line":128,"column":3}},"25":{"start":{"line":113,"column":16},"end":{"line":113,"column":29}},"26":{"start":{"line":114,"column":20},"end":{"line":114,"column":46}},"27":{"start":{"line":115,"column":4},"end":{"line":123,"column":5}},"28":{"start":{"line":116,"column":6},"end":{"line":116,"column":null}},"29":{"start":{"line":117,"column":6},"end":{"line":117,"column":36}},"30":{"start":{"line":118,"column":6},"end":{"line":118,"column":12}},"31":{"start":{"line":120,"column":6},"end":{"line":120,"column":null}},"32":{"start":{"line":121,"column":6},"end":{"line":121,"column":59}},"33":{"start":{"line":122,"column":6},"end":{"line":122,"column":12}},"34":{"start":{"line":125,"column":4},"end":{"line":125,"column":53}},"35":{"start":{"line":126,"column":4},"end":{"line":126,"column":63}},"36":{"start":{"line":127,"column":4},"end":{"line":127,"column":10}},"37":{"start":{"line":105,"column":13},"end":{"line":105,"column":30}},"38":{"start":{"line":158,"column":40},"end":{"line":176,"column":1}},"39":{"start":{"line":159,"column":17},"end":{"line":159,"column":38}},"40":{"start":{"line":160,"column":2},"end":{"line":164,"column":3}},"41":{"start":{"line":161,"column":4},"end":{"line":161,"column":55}},"42":{"start":{"line":162,"column":6},"end":{"line":162,"column":55}},"43":{"start":{"line":163,"column":6},"end":{"line":163,"column":12}},"44":{"start":{"line":165,"column":2},"end":{"line":175,"column":3}},"45":{"start":{"line":166,"column":25},"end":{"line":166,"column":48}},"46":{"start":{"line":167,"column":21},"end":{"line":167,"column":85}},"47":{"start":{"line":168,"column":4},"end":{"line":168,"column":null}},"48":{"start":{"line":169,"column":4},"end":{"line":169,"column":35}},"49":{"start":{"line":170,"column":4},"end":{"line":170,"column":10}},"50":{"start":{"line":172,"column":4},"end":{"line":172,"column":54}},"51":{"start":{"line":173,"column":4},"end":{"line":173,"column":64}},"52":{"start":{"line":174,"column":4},"end":{"line":174,"column":10}},"53":{"start":{"line":158,"column":13},"end":{"line":158,"column":40}},"54":{"start":{"line":202,"column":29},"end":{"line":219,"column":1}},"55":{"start":{"line":203,"column":17},"end":{"line":203,"column":38}},"56":{"start":{"line":204,"column":2},"end":{"line":208,"column":3}},"57":{"start":{"line":205,"column":4},"end":{"line":205,"column":53}},"58":{"start":{"line":206,"column":5},"end":{"line":206,"column":54}},"59":{"start":{"line":207,"column":5},"end":{"line":207,"column":11}},"60":{"start":{"line":209,"column":2},"end":{"line":218,"column":3}},"61":{"start":{"line":210,"column":20},"end":{"line":210,"column":50}},"62":{"start":{"line":211,"column":4},"end":{"line":211,"column":null}},"63":{"start":{"line":212,"column":4},"end":{"line":212,"column":34}},"64":{"start":{"line":213,"column":4},"end":{"line":213,"column":10}},"65":{"start":{"line":215,"column":4},"end":{"line":215,"column":52}},"66":{"start":{"line":216,"column":4},"end":{"line":216,"column":64}},"67":{"start":{"line":217,"column":4},"end":{"line":217,"column":10}},"68":{"start":{"line":202,"column":13},"end":{"line":202,"column":29}},"69":{"start":{"line":254,"column":29},"end":{"line":279,"column":1}},"70":{"start":{"line":255,"column":17},"end":{"line":255,"column":38}},"71":{"start":{"line":256,"column":2},"end":{"line":260,"column":3}},"72":{"start":{"line":257,"column":4},"end":{"line":257,"column":58}},"73":{"start":{"line":258,"column":6},"end":{"line":258,"column":55}},"74":{"start":{"line":259,"column":6},"end":{"line":259,"column":12}},"75":{"start":{"line":261,"column":2},"end":{"line":278,"column":3}},"76":{"start":{"line":262,"column":16},"end":{"line":262,"column":29}},"77":{"start":{"line":263,"column":22},"end":{"line":263,"column":71}},"78":{"start":{"line":264,"column":4},"end":{"line":273,"column":5}},"79":{"start":{"line":265,"column":29},"end":{"line":265,"column":55}},"80":{"start":{"line":266,"column":6},"end":{"line":266,"column":null}},"81":{"start":{"line":267,"column":6},"end":{"line":267,"column":43}},"82":{"start":{"line":268,"column":6},"end":{"line":268,"column":12}},"83":{"start":{"line":270,"column":8},"end":{"line":270,"column":null}},"84":{"start":{"line":271,"column":6},"end":{"line":271,"column":59}},"85":{"start":{"line":272,"column":6},"end":{"line":272,"column":12}},"86":{"start":{"line":275,"column":4},"end":{"line":275,"column":57}},"87":{"start":{"line":276,"column":4},"end":{"line":276,"column":64}},"88":{"start":{"line":277,"column":4},"end":{"line":277,"column":10}},"89":{"start":{"line":254,"column":13},"end":{"line":254,"column":29}},"90":{"start":{"line":302,"column":29},"end":{"line":326,"column":1}},"91":{"start":{"line":303,"column":17},"end":{"line":303,"column":38}},"92":{"start":{"line":304,"column":2},"end":{"line":308,"column":3}},"93":{"start":{"line":305,"column":4},"end":{"line":305,"column":56}},"94":{"start":{"line":306,"column":6},"end":{"line":306,"column":55}},"95":{"start":{"line":307,"column":6},"end":{"line":307,"column":12}},"96":{"start":{"line":309,"column":2},"end":{"line":325,"column":3}},"97":{"start":{"line":310,"column":16},"end":{"line":310,"column":29}},"98":{"start":{"line":311,"column":20},"end":{"line":311,"column":60}},"99":{"start":{"line":312,"column":4},"end":{"line":320,"column":5}},"100":{"start":{"line":313,"column":8},"end":{"line":313,"column":null}},"101":{"start":{"line":314,"column":6},"end":{"line":314,"column":29}},"102":{"start":{"line":315,"column":6},"end":{"line":315,"column":12}},"103":{"start":{"line":317,"column":8},"end":{"line":317,"column":null}},"104":{"start":{"line":318,"column":6},"end":{"line":318,"column":59}},"105":{"start":{"line":319,"column":6},"end":{"line":319,"column":12}},"106":{"start":{"line":322,"column":4},"end":{"line":322,"column":55}},"107":{"start":{"line":323,"column":4},"end":{"line":323,"column":64}},"108":{"start":{"line":324,"column":4},"end":{"line":324,"column":10}},"109":{"start":{"line":302,"column":13},"end":{"line":302,"column":29}}},"fnMap":{"0":{"name":"(anonymous_1)","decl":{"start":{"line":61,"column":30},"end":{"line":61,"column":35}},"loc":{"start":{"line":61,"column":68},"end":{"line":78,"column":1}}},"1":{"name":"(anonymous_2)","decl":{"start":{"line":105,"column":30},"end":{"line":105,"column":35}},"loc":{"start":{"line":105,"column":68},"end":{"line":129,"column":1}}},"2":{"name":"(anonymous_3)","decl":{"start":{"line":158,"column":40},"end":{"line":158,"column":45}},"loc":{"start":{"line":158,"column":78},"end":{"line":176,"column":1}}},"3":{"name":"(anonymous_4)","decl":{"start":{"line":202,"column":29},"end":{"line":202,"column":34}},"loc":{"start":{"line":202,"column":82},"end":{"line":219,"column":1}}},"4":{"name":"(anonymous_5)","decl":{"start":{"line":254,"column":29},"end":{"line":254,"column":34}},"loc":{"start":{"line":254,"column":67},"end":{"line":279,"column":1}}},"5":{"name":"(anonymous_6)","decl":{"start":{"line":302,"column":29},"end":{"line":302,"column":34}},"loc":{"start":{"line":302,"column":67},"end":{"line":326,"column":1}}}},"branchMap":{"0":{"loc":{"start":{"line":63,"column":2},"end":{"line":67,"column":3}},"type":"if","locations":[{"start":{"line":63,"column":2},"end":{"line":67,"column":3}}]},"1":{"loc":{"start":{"line":107,"column":2},"end":{"line":111,"column":3}},"type":"if","locations":[{"start":{"line":107,"column":2},"end":{"line":111,"column":3}}]},"2":{"loc":{"start":{"line":115,"column":4},"end":{"line":123,"column":5}},"type":"if","locations":[{"start":{"line":115,"column":4},"end":{"line":123,"column":5}},{"start":{"line":119,"column":11},"end":{"line":123,"column":5}}]},"3":{"loc":{"start":{"line":160,"column":2},"end":{"line":164,"column":3}},"type":"if","locations":[{"start":{"line":160,"column":2},"end":{"line":164,"column":3}}]},"4":{"loc":{"start":{"line":204,"column":2},"end":{"line":208,"column":3}},"type":"if","locations":[{"start":{"line":204,"column":2},"end":{"line":208,"column":3}}]},"5":{"loc":{"start":{"line":256,"column":2},"end":{"line":260,"column":3}},"type":"if","locations":[{"start":{"line":256,"column":2},"end":{"line":260,"column":3}}]},"6":{"loc":{"start":{"line":264,"column":4},"end":{"line":273,"column":5}},"type":"if","locations":[{"start":{"line":264,"column":4},"end":{"line":273,"column":5}},{"start":{"line":269,"column":11},"end":{"line":273,"column":5}}]},"7":{"loc":{"start":{"line":304,"column":2},"end":{"line":308,"column":3}},"type":"if","locations":[{"start":{"line":304,"column":2},"end":{"line":308,"column":3}}]},"8":{"loc":{"start":{"line":312,"column":4},"end":{"line":320,"column":5}},"type":"if","locations":[{"start":{"line":312,"column":4},"end":{"line":320,"column":5}},{"start":{"line":316,"column":11},"end":{"line":320,"column":5}}]}},"s":{"0":1,"1":1,"2":1,"3":1,"4":0,"5":0,"6":0,"7":0,"8":0,"9":0,"10":0,"11":0,"12":0,"13":0,"14":0,"15":0,"16":0,"17":1,"18":1,"19":0,"20":0,"21":0,"22":0,"23":0,"24":0,"25":0,"26":0,"27":0,"28":0,"29":0,"30":0,"31":0,"32":0,"33":0,"34":0,"35":0,"36":0,"37":1,"38":1,"39":1,"40":1,"41":0,"42":0,"43":0,"44":1,"45":1,"46":1,"47":1,"48":1,"49":1,"50":0,"51":0,"52":0,"53":1,"54":1,"55":0,"56":0,"57":0,"58":0,"59":0,"60":0,"61":0,"62":0,"63":0,"64":0,"65":0,"66":0,"67":0,"68":1,"69":1,"70":2,"71":2,"72":0,"73":0,"74":0,"75":2,"76":2,"77":2,"78":2,"79":1,"80":1,"81":1,"82":1,"83":1,"84":1,"85":1,"86":0,"87":0,"88":0,"89":1,"90":1,"91":0,"92":0,"93":0,"94":0,"95":0,"96":0,"97":0,"98":0,"99":0,"100":0,"101":0,"102":0,"103":0,"104":0,"105":0,"106":0,"107":0,"108":0,"109":1},"f":{"0":0,"1":0,"2":1,"3":0,"4":2,"5":0},"b":{"0":[0],"1":[0],"2":[0,0],"3":[0],"4":[0],"5":[0],"6":[1,1],"7":[0],"8":[0,0]}}
,"D:\\Uni\\HTW\\9.Semester\\Bachelorarbeit\\PROCRM\\crm-candidates-service\\src\\controllers\\experienciaLaboralController.ts": {"path":"D:\\Uni\\HTW\\9.Semester\\Bachelorarbeit\\PROCRM\\crm-candidates-service\\src\\controllers\\experienciaLaboralController.ts","statementMap":{"0":{"start":{"line":3,"column":0},"end":{"line":3,"column":62}},"1":{"start":{"line":4,"column":0},"end":{"line":4,"column":51}},"2":{"start":{"line":5,"column":0},"end":{"line":5,"column":37}},"3":{"start":{"line":94,"column":43},"end":{"line":111,"column":1}},"4":{"start":{"line":95,"column":17},"end":{"line":95,"column":38}},"5":{"start":{"line":96,"column":2},"end":{"line":100,"column":3}},"6":{"start":{"line":97,"column":4},"end":{"line":97,"column":69}},"7":{"start":{"line":98,"column":6},"end":{"line":98,"column":55}},"8":{"start":{"line":99,"column":6},"end":{"line":99,"column":12}},"9":{"start":{"line":101,"column":2},"end":{"line":110,"column":3}},"10":{"start":{"line":102,"column":34},"end":{"line":102,"column":68}},"11":{"start":{"line":103,"column":4},"end":{"line":103,"column":null}},"12":{"start":{"line":104,"column":4},"end":{"line":104,"column":48}},"13":{"start":{"line":105,"column":4},"end":{"line":105,"column":10}},"14":{"start":{"line":107,"column":4},"end":{"line":107,"column":68}},"15":{"start":{"line":108,"column":4},"end":{"line":108,"column":78}},"16":{"start":{"line":109,"column":4},"end":{"line":109,"column":10}},"17":{"start":{"line":94,"column":13},"end":{"line":94,"column":43}},"18":{"start":{"line":138,"column":41},"end":{"line":162,"column":1}},"19":{"start":{"line":139,"column":17},"end":{"line":139,"column":38}},"20":{"start":{"line":140,"column":2},"end":{"line":144,"column":3}},"21":{"start":{"line":141,"column":4},"end":{"line":141,"column":66}},"22":{"start":{"line":142,"column":6},"end":{"line":142,"column":55}},"23":{"start":{"line":143,"column":6},"end":{"line":143,"column":12}},"24":{"start":{"line":145,"column":2},"end":{"line":161,"column":3}},"25":{"start":{"line":146,"column":16},"end":{"line":146,"column":29}},"26":{"start":{"line":147,"column":31},"end":{"line":147,"column":68}},"27":{"start":{"line":148,"column":4},"end":{"line":156,"column":5}},"28":{"start":{"line":149,"column":8},"end":{"line":149,"column":null}},"29":{"start":{"line":150,"column":6},"end":{"line":150,"column":47}},"30":{"start":{"line":151,"column":6},"end":{"line":151,"column":12}},"31":{"start":{"line":153,"column":8},"end":{"line":153,"column":null}},"32":{"start":{"line":154,"column":6},"end":{"line":154,"column":71}},"33":{"start":{"line":155,"column":6},"end":{"line":155,"column":12}},"34":{"start":{"line":158,"column":4},"end":{"line":158,"column":65}},"35":{"start":{"line":159,"column":4},"end":{"line":159,"column":75}},"36":{"start":{"line":160,"column":4},"end":{"line":160,"column":10}},"37":{"start":{"line":138,"column":13},"end":{"line":138,"column":41}},"38":{"start":{"line":191,"column":53},"end":{"line":209,"column":1}},"39":{"start":{"line":192,"column":17},"end":{"line":192,"column":38}},"40":{"start":{"line":193,"column":2},"end":{"line":197,"column":3}},"41":{"start":{"line":194,"column":4},"end":{"line":194,"column":69}},"42":{"start":{"line":195,"column":6},"end":{"line":195,"column":55}},"43":{"start":{"line":196,"column":6},"end":{"line":196,"column":12}},"44":{"start":{"line":198,"column":2},"end":{"line":208,"column":5}},"45":{"start":{"line":199,"column":29},"end":{"line":199,"column":52}},"46":{"start":{"line":200,"column":38},"end":{"line":200,"column":113}},"47":{"start":{"line":201,"column":8},"end":{"line":201,"column":null}},"48":{"start":{"line":202,"column":8},"end":{"line":202,"column":52}},"49":{"start":{"line":203,"column":8},"end":{"line":203,"column":14}},"50":{"start":{"line":205,"column":4},"end":{"line":205,"column":68}},"51":{"start":{"line":206,"column":8},"end":{"line":206,"column":82}},"52":{"start":{"line":207,"column":8},"end":{"line":207,"column":14}},"53":{"start":{"line":191,"column":13},"end":{"line":191,"column":53}},"54":{"start":{"line":233,"column":40},"end":{"line":250,"column":1}},"55":{"start":{"line":234,"column":17},"end":{"line":234,"column":38}},"56":{"start":{"line":235,"column":2},"end":{"line":239,"column":3}},"57":{"start":{"line":236,"column":4},"end":{"line":236,"column":65}},"58":{"start":{"line":237,"column":4},"end":{"line":237,"column":53}},"59":{"start":{"line":238,"column":4},"end":{"line":238,"column":10}},"60":{"start":{"line":240,"column":2},"end":{"line":249,"column":3}},"61":{"start":{"line":241,"column":31},"end":{"line":241,"column":72}},"62":{"start":{"line":242,"column":4},"end":{"line":242,"column":null}},"63":{"start":{"line":243,"column":4},"end":{"line":243,"column":45}},"64":{"start":{"line":244,"column":4},"end":{"line":244,"column":10}},"65":{"start":{"line":246,"column":4},"end":{"line":246,"column":64}},"66":{"start":{"line":247,"column":4},"end":{"line":247,"column":76}},"67":{"start":{"line":248,"column":4},"end":{"line":248,"column":10}},"68":{"start":{"line":233,"column":13},"end":{"line":233,"column":40}},"69":{"start":{"line":283,"column":40},"end":{"line":308,"column":1}},"70":{"start":{"line":284,"column":17},"end":{"line":284,"column":38}},"71":{"start":{"line":285,"column":2},"end":{"line":289,"column":3}},"72":{"start":{"line":286,"column":4},"end":{"line":286,"column":70}},"73":{"start":{"line":287,"column":6},"end":{"line":287,"column":55}},"74":{"start":{"line":288,"column":6},"end":{"line":288,"column":12}},"75":{"start":{"line":290,"column":2},"end":{"line":307,"column":3}},"76":{"start":{"line":291,"column":16},"end":{"line":291,"column":29}},"77":{"start":{"line":292,"column":22},"end":{"line":292,"column":82}},"78":{"start":{"line":293,"column":4},"end":{"line":302,"column":5}},"79":{"start":{"line":294,"column":40},"end":{"line":294,"column":77}},"80":{"start":{"line":295,"column":8},"end":{"line":295,"column":null}},"81":{"start":{"line":296,"column":6},"end":{"line":296,"column":54}},"82":{"start":{"line":297,"column":6},"end":{"line":297,"column":12}},"83":{"start":{"line":299,"column":8},"end":{"line":299,"column":null}},"84":{"start":{"line":300,"column":6},"end":{"line":300,"column":71}},"85":{"start":{"line":301,"column":6},"end":{"line":301,"column":12}},"86":{"start":{"line":304,"column":4},"end":{"line":304,"column":69}},"87":{"start":{"line":305,"column":4},"end":{"line":305,"column":76}},"88":{"start":{"line":306,"column":4},"end":{"line":306,"column":10}},"89":{"start":{"line":283,"column":13},"end":{"line":283,"column":40}},"90":{"start":{"line":331,"column":40},"end":{"line":355,"column":1}},"91":{"start":{"line":332,"column":17},"end":{"line":332,"column":38}},"92":{"start":{"line":333,"column":2},"end":{"line":337,"column":3}},"93":{"start":{"line":334,"column":4},"end":{"line":334,"column":68}},"94":{"start":{"line":335,"column":6},"end":{"line":335,"column":55}},"95":{"start":{"line":336,"column":6},"end":{"line":336,"column":12}},"96":{"start":{"line":338,"column":2},"end":{"line":354,"column":3}},"97":{"start":{"line":339,"column":16},"end":{"line":339,"column":29}},"98":{"start":{"line":340,"column":20},"end":{"line":340,"column":71}},"99":{"start":{"line":341,"column":4},"end":{"line":349,"column":5}},"100":{"start":{"line":342,"column":8},"end":{"line":342,"column":null}},"101":{"start":{"line":343,"column":6},"end":{"line":343,"column":29}},"102":{"start":{"line":344,"column":6},"end":{"line":344,"column":12}},"103":{"start":{"line":346,"column":8},"end":{"line":346,"column":null}},"104":{"start":{"line":347,"column":6},"end":{"line":347,"column":71}},"105":{"start":{"line":348,"column":6},"end":{"line":348,"column":12}},"106":{"start":{"line":351,"column":4},"end":{"line":351,"column":67}},"107":{"start":{"line":352,"column":4},"end":{"line":352,"column":76}},"108":{"start":{"line":353,"column":4},"end":{"line":353,"column":10}},"109":{"start":{"line":331,"column":13},"end":{"line":331,"column":40}}},"fnMap":{"0":{"name":"(anonymous_1)","decl":{"start":{"line":94,"column":43},"end":{"line":94,"column":48}},"loc":{"start":{"line":94,"column":81},"end":{"line":111,"column":1}}},"1":{"name":"(anonymous_2)","decl":{"start":{"line":138,"column":41},"end":{"line":138,"column":46}},"loc":{"start":{"line":138,"column":79},"end":{"line":162,"column":1}}},"2":{"name":"(anonymous_3)","decl":{"start":{"line":191,"column":53},"end":{"line":191,"column":58}},"loc":{"start":{"line":191,"column":91},"end":{"line":209,"column":1}}},"3":{"name":"(anonymous_4)","decl":{"start":{"line":233,"column":40},"end":{"line":233,"column":45}},"loc":{"start":{"line":233,"column":93},"end":{"line":250,"column":1}}},"4":{"name":"(anonymous_5)","decl":{"start":{"line":283,"column":40},"end":{"line":283,"column":45}},"loc":{"start":{"line":283,"column":78},"end":{"line":308,"column":1}}},"5":{"name":"(anonymous_6)","decl":{"start":{"line":331,"column":40},"end":{"line":331,"column":45}},"loc":{"start":{"line":331,"column":78},"end":{"line":355,"column":1}}}},"branchMap":{"0":{"loc":{"start":{"line":96,"column":2},"end":{"line":100,"column":3}},"type":"if","locations":[{"start":{"line":96,"column":2},"end":{"line":100,"column":3}}]},"1":{"loc":{"start":{"line":140,"column":2},"end":{"line":144,"column":3}},"type":"if","locations":[{"start":{"line":140,"column":2},"end":{"line":144,"column":3}}]},"2":{"loc":{"start":{"line":148,"column":4},"end":{"line":156,"column":5}},"type":"if","locations":[{"start":{"line":148,"column":4},"end":{"line":156,"column":5}},{"start":{"line":152,"column":11},"end":{"line":156,"column":5}}]},"3":{"loc":{"start":{"line":193,"column":2},"end":{"line":197,"column":3}},"type":"if","locations":[{"start":{"line":193,"column":2},"end":{"line":197,"column":3}}]},"4":{"loc":{"start":{"line":235,"column":2},"end":{"line":239,"column":3}},"type":"if","locations":[{"start":{"line":235,"column":2},"end":{"line":239,"column":3}}]},"5":{"loc":{"start":{"line":285,"column":2},"end":{"line":289,"column":3}},"type":"if","locations":[{"start":{"line":285,"column":2},"end":{"line":289,"column":3}}]},"6":{"loc":{"start":{"line":293,"column":4},"end":{"line":302,"column":5}},"type":"if","locations":[{"start":{"line":293,"column":4},"end":{"line":302,"column":5}},{"start":{"line":298,"column":11},"end":{"line":302,"column":5}}]},"7":{"loc":{"start":{"line":333,"column":2},"end":{"line":337,"column":3}},"type":"if","locations":[{"start":{"line":333,"column":2},"end":{"line":337,"column":3}}]},"8":{"loc":{"start":{"line":341,"column":4},"end":{"line":349,"column":5}},"type":"if","locations":[{"start":{"line":341,"column":4},"end":{"line":349,"column":5}},{"start":{"line":345,"column":11},"end":{"line":349,"column":5}}]}},"s":{"0":1,"1":1,"2":1,"3":1,"4":0,"5":0,"6":0,"7":0,"8":0,"9":0,"10":0,"11":0,"12":0,"13":0,"14":0,"15":0,"16":0,"17":1,"18":1,"19":0,"20":0,"21":0,"22":0,"23":0,"24":0,"25":0,"26":0,"27":0,"28":0,"29":0,"30":0,"31":0,"32":0,"33":0,"34":0,"35":0,"36":0,"37":1,"38":1,"39":1,"40":1,"41":0,"42":0,"43":0,"44":1,"45":1,"46":1,"47":1,"48":1,"49":1,"50":0,"51":0,"52":0,"53":1,"54":1,"55":0,"56":0,"57":0,"58":0,"59":0,"60":0,"61":0,"62":0,"63":0,"64":0,"65":0,"66":0,"67":0,"68":1,"69":1,"70":2,"71":2,"72":0,"73":0,"74":0,"75":2,"76":2,"77":2,"78":2,"79":1,"80":1,"81":1,"82":1,"83":1,"84":1,"85":1,"86":0,"87":0,"88":0,"89":1,"90":1,"91":0,"92":0,"93":0,"94":0,"95":0,"96":0,"97":0,"98":0,"99":0,"100":0,"101":0,"102":0,"103":0,"104":0,"105":0,"106":0,"107":0,"108":0,"109":1},"f":{"0":0,"1":0,"2":1,"3":0,"4":2,"5":0},"b":{"0":[0],"1":[0],"2":[0,0],"3":[0],"4":[0],"5":[0],"6":[1,1],"7":[0],"8":[0,0]}}
,"D:\\Uni\\HTW\\9.Semester\\Bachelorarbeit\\PROCRM\\crm-candidates-service\\src\\controllers\\informacionPersonalController.ts": {"path":"D:\\Uni\\HTW\\9.Semester\\Bachelorarbeit\\PROCRM\\crm-candidates-service\\src\\controllers\\informacionPersonalController.ts","statementMap":{"0":{"start":{"line":3,"column":0},"end":{"line":3,"column":64}},"1":{"start":{"line":4,"column":0},"end":{"line":4,"column":51}},"2":{"start":{"line":5,"column":0},"end":{"line":5,"column":37}},"3":{"start":{"line":115,"column":45},"end":{"line":132,"column":1}},"4":{"start":{"line":116,"column":17},"end":{"line":116,"column":38}},"5":{"start":{"line":117,"column":2},"end":{"line":121,"column":3}},"6":{"start":{"line":118,"column":4},"end":{"line":118,"column":71}},"7":{"start":{"line":119,"column":6},"end":{"line":119,"column":55}},"8":{"start":{"line":120,"column":6},"end":{"line":120,"column":12}},"9":{"start":{"line":122,"column":2},"end":{"line":131,"column":3}},"10":{"start":{"line":123,"column":36},"end":{"line":123,"column":71}},"11":{"start":{"line":124,"column":4},"end":{"line":124,"column":null}},"12":{"start":{"line":125,"column":4},"end":{"line":125,"column":50}},"13":{"start":{"line":126,"column":4},"end":{"line":126,"column":10}},"14":{"start":{"line":128,"column":4},"end":{"line":128,"column":70}},"15":{"start":{"line":129,"column":4},"end":{"line":129,"column":80}},"16":{"start":{"line":130,"column":4},"end":{"line":130,"column":10}},"17":{"start":{"line":115,"column":13},"end":{"line":115,"column":45}},"18":{"start":{"line":159,"column":51},"end":{"line":183,"column":1}},"19":{"start":{"line":160,"column":17},"end":{"line":160,"column":38}},"20":{"start":{"line":161,"column":2},"end":{"line":165,"column":3}},"21":{"start":{"line":162,"column":4},"end":{"line":162,"column":67}},"22":{"start":{"line":163,"column":6},"end":{"line":163,"column":55}},"23":{"start":{"line":164,"column":6},"end":{"line":164,"column":12}},"24":{"start":{"line":166,"column":2},"end":{"line":182,"column":3}},"25":{"start":{"line":167,"column":25},"end":{"line":167,"column":48}},"26":{"start":{"line":168,"column":32},"end":{"line":168,"column":80}},"27":{"start":{"line":169,"column":4},"end":{"line":177,"column":5}},"28":{"start":{"line":170,"column":6},"end":{"line":170,"column":null}},"29":{"start":{"line":171,"column":6},"end":{"line":171,"column":48}},"30":{"start":{"line":172,"column":6},"end":{"line":172,"column":12}},"31":{"start":{"line":174,"column":8},"end":{"line":174,"column":null}},"32":{"start":{"line":175,"column":6},"end":{"line":175,"column":72}},"33":{"start":{"line":176,"column":6},"end":{"line":176,"column":12}},"34":{"start":{"line":179,"column":4},"end":{"line":179,"column":66}},"35":{"start":{"line":180,"column":4},"end":{"line":180,"column":76}},"36":{"start":{"line":181,"column":4},"end":{"line":181,"column":10}},"37":{"start":{"line":159,"column":13},"end":{"line":159,"column":51}},"38":{"start":{"line":209,"column":41},"end":{"line":226,"column":1}},"39":{"start":{"line":210,"column":17},"end":{"line":210,"column":38}},"40":{"start":{"line":211,"column":2},"end":{"line":215,"column":3}},"41":{"start":{"line":212,"column":4},"end":{"line":212,"column":66}},"42":{"start":{"line":213,"column":4},"end":{"line":213,"column":53}},"43":{"start":{"line":214,"column":4},"end":{"line":214,"column":10}},"44":{"start":{"line":216,"column":2},"end":{"line":225,"column":3}},"45":{"start":{"line":217,"column":32},"end":{"line":217,"column":74}},"46":{"start":{"line":218,"column":4},"end":{"line":218,"column":null}},"47":{"start":{"line":219,"column":4},"end":{"line":219,"column":46}},"48":{"start":{"line":220,"column":4},"end":{"line":220,"column":10}},"49":{"start":{"line":222,"column":4},"end":{"line":222,"column":65}},"50":{"start":{"line":223,"column":4},"end":{"line":223,"column":77}},"51":{"start":{"line":224,"column":4},"end":{"line":224,"column":10}},"52":{"start":{"line":209,"column":13},"end":{"line":209,"column":41}},"53":{"start":{"line":261,"column":41},"end":{"line":286,"column":1}},"54":{"start":{"line":262,"column":17},"end":{"line":262,"column":38}},"55":{"start":{"line":263,"column":2},"end":{"line":267,"column":3}},"56":{"start":{"line":264,"column":6},"end":{"line":264,"column":97}},"57":{"start":{"line":265,"column":6},"end":{"line":265,"column":55}},"58":{"start":{"line":266,"column":6},"end":{"line":266,"column":12}},"59":{"start":{"line":268,"column":2},"end":{"line":285,"column":3}},"60":{"start":{"line":269,"column":26},"end":{"line":269,"column":49}},"61":{"start":{"line":270,"column":22},"end":{"line":270,"column":93}},"62":{"start":{"line":271,"column":4},"end":{"line":280,"column":5}},"63":{"start":{"line":272,"column":41},"end":{"line":272,"column":89}},"64":{"start":{"line":273,"column":8},"end":{"line":273,"column":null}},"65":{"start":{"line":274,"column":6},"end":{"line":274,"column":55}},"66":{"start":{"line":275,"column":6},"end":{"line":275,"column":12}},"67":{"start":{"line":277,"column":6},"end":{"line":277,"column":null}},"68":{"start":{"line":278,"column":6},"end":{"line":278,"column":72}},"69":{"start":{"line":279,"column":6},"end":{"line":279,"column":12}},"70":{"start":{"line":282,"column":4},"end":{"line":282,"column":70}},"71":{"start":{"line":283,"column":4},"end":{"line":283,"column":77}},"72":{"start":{"line":284,"column":4},"end":{"line":284,"column":10}},"73":{"start":{"line":261,"column":13},"end":{"line":261,"column":41}},"74":{"start":{"line":309,"column":41},"end":{"line":333,"column":1}},"75":{"start":{"line":310,"column":17},"end":{"line":310,"column":38}},"76":{"start":{"line":311,"column":2},"end":{"line":315,"column":3}},"77":{"start":{"line":312,"column":4},"end":{"line":312,"column":69}},"78":{"start":{"line":313,"column":6},"end":{"line":313,"column":55}},"79":{"start":{"line":314,"column":6},"end":{"line":314,"column":12}},"80":{"start":{"line":316,"column":2},"end":{"line":332,"column":3}},"81":{"start":{"line":317,"column":25},"end":{"line":317,"column":48}},"82":{"start":{"line":318,"column":20},"end":{"line":318,"column":82}},"83":{"start":{"line":319,"column":4},"end":{"line":327,"column":5}},"84":{"start":{"line":320,"column":8},"end":{"line":320,"column":null}},"85":{"start":{"line":321,"column":6},"end":{"line":321,"column":29}},"86":{"start":{"line":322,"column":6},"end":{"line":322,"column":12}},"87":{"start":{"line":324,"column":8},"end":{"line":324,"column":null}},"88":{"start":{"line":325,"column":6},"end":{"line":325,"column":72}},"89":{"start":{"line":326,"column":6},"end":{"line":326,"column":12}},"90":{"start":{"line":329,"column":4},"end":{"line":329,"column":68}},"91":{"start":{"line":330,"column":4},"end":{"line":330,"column":77}},"92":{"start":{"line":331,"column":4},"end":{"line":331,"column":10}},"93":{"start":{"line":309,"column":13},"end":{"line":309,"column":41}}},"fnMap":{"0":{"name":"(anonymous_1)","decl":{"start":{"line":115,"column":45},"end":{"line":115,"column":50}},"loc":{"start":{"line":115,"column":83},"end":{"line":132,"column":1}}},"1":{"name":"(anonymous_2)","decl":{"start":{"line":159,"column":51},"end":{"line":159,"column":56}},"loc":{"start":{"line":159,"column":89},"end":{"line":183,"column":1}}},"2":{"name":"(anonymous_3)","decl":{"start":{"line":209,"column":41},"end":{"line":209,"column":46}},"loc":{"start":{"line":209,"column":94},"end":{"line":226,"column":1}}},"3":{"name":"(anonymous_4)","decl":{"start":{"line":261,"column":41},"end":{"line":261,"column":46}},"loc":{"start":{"line":261,"column":79},"end":{"line":286,"column":1}}},"4":{"name":"(anonymous_5)","decl":{"start":{"line":309,"column":41},"end":{"line":309,"column":46}},"loc":{"start":{"line":309,"column":79},"end":{"line":333,"column":1}}}},"branchMap":{"0":{"loc":{"start":{"line":117,"column":2},"end":{"line":121,"column":3}},"type":"if","locations":[{"start":{"line":117,"column":2},"end":{"line":121,"column":3}}]},"1":{"loc":{"start":{"line":161,"column":2},"end":{"line":165,"column":3}},"type":"if","locations":[{"start":{"line":161,"column":2},"end":{"line":165,"column":3}}]},"2":{"loc":{"start":{"line":169,"column":4},"end":{"line":177,"column":5}},"type":"if","locations":[{"start":{"line":169,"column":4},"end":{"line":177,"column":5}},{"start":{"line":173,"column":11},"end":{"line":177,"column":5}}]},"3":{"loc":{"start":{"line":211,"column":2},"end":{"line":215,"column":3}},"type":"if","locations":[{"start":{"line":211,"column":2},"end":{"line":215,"column":3}}]},"4":{"loc":{"start":{"line":263,"column":2},"end":{"line":267,"column":3}},"type":"if","locations":[{"start":{"line":263,"column":2},"end":{"line":267,"column":3}}]},"5":{"loc":{"start":{"line":271,"column":4},"end":{"line":280,"column":5}},"type":"if","locations":[{"start":{"line":271,"column":4},"end":{"line":280,"column":5}},{"start":{"line":276,"column":11},"end":{"line":280,"column":5}}]},"6":{"loc":{"start":{"line":311,"column":2},"end":{"line":315,"column":3}},"type":"if","locations":[{"start":{"line":311,"column":2},"end":{"line":315,"column":3}}]},"7":{"loc":{"start":{"line":319,"column":4},"end":{"line":327,"column":5}},"type":"if","locations":[{"start":{"line":319,"column":4},"end":{"line":327,"column":5}},{"start":{"line":323,"column":11},"end":{"line":327,"column":5}}]}},"s":{"0":1,"1":1,"2":1,"3":1,"4":0,"5":0,"6":0,"7":0,"8":0,"9":0,"10":0,"11":0,"12":0,"13":0,"14":0,"15":0,"16":0,"17":1,"18":1,"19":2,"20":2,"21":0,"22":0,"23":0,"24":2,"25":2,"26":2,"27":2,"28":1,"29":1,"30":1,"31":1,"32":1,"33":1,"34":0,"35":0,"36":0,"37":1,"38":1,"39":0,"40":0,"41":0,"42":0,"43":0,"44":0,"45":0,"46":0,"47":0,"48":0,"49":0,"50":0,"51":0,"52":1,"53":1,"54":2,"55":2,"56":0,"57":0,"58":0,"59":2,"60":2,"61":2,"62":2,"63":1,"64":1,"65":1,"66":1,"67":1,"68":1,"69":1,"70":0,"71":0,"72":0,"73":1,"74":1,"75":0,"76":0,"77":0,"78":0,"79":0,"80":0,"81":0,"82":0,"83":0,"84":0,"85":0,"86":0,"87":0,"88":0,"89":0,"90":0,"91":0,"92":0,"93":1},"f":{"0":0,"1":2,"2":0,"3":2,"4":0},"b":{"0":[0],"1":[0],"2":[1,1],"3":[0],"4":[0],"5":[1,1],"6":[0],"7":[0,0]}}
,"D:\\Uni\\HTW\\9.Semester\\Bachelorarbeit\\PROCRM\\crm-candidates-service\\src\\controllers\\mobilidadController.ts": {"path":"D:\\Uni\\HTW\\9.Semester\\Bachelorarbeit\\PROCRM\\crm-candidates-service\\src\\controllers\\mobilidadController.ts","statementMap":{"0":{"start":{"line":3,"column":0},"end":{"line":3,"column":44}},"1":{"start":{"line":4,"column":0},"end":{"line":4,"column":51}},"2":{"start":{"line":5,"column":0},"end":{"line":5,"column":37}},"3":{"start":{"line":81,"column":33},"end":{"line":98,"column":1}},"4":{"start":{"line":82,"column":17},"end":{"line":82,"column":38}},"5":{"start":{"line":83,"column":2},"end":{"line":87,"column":3}},"6":{"start":{"line":84,"column":4},"end":{"line":84,"column":58}},"7":{"start":{"line":85,"column":6},"end":{"line":85,"column":55}},"8":{"start":{"line":86,"column":6},"end":{"line":86,"column":12}},"9":{"start":{"line":88,"column":2},"end":{"line":97,"column":3}},"10":{"start":{"line":89,"column":24},"end":{"line":89,"column":49}},"11":{"start":{"line":90,"column":4},"end":{"line":90,"column":null}},"12":{"start":{"line":91,"column":4},"end":{"line":91,"column":38}},"13":{"start":{"line":92,"column":4},"end":{"line":92,"column":10}},"14":{"start":{"line":94,"column":4},"end":{"line":94,"column":57}},"15":{"start":{"line":95,"column":4},"end":{"line":95,"column":67}},"16":{"start":{"line":96,"column":4},"end":{"line":96,"column":10}},"17":{"start":{"line":81,"column":13},"end":{"line":81,"column":33}},"18":{"start":{"line":125,"column":41},"end":{"line":149,"column":1}},"19":{"start":{"line":126,"column":17},"end":{"line":126,"column":38}},"20":{"start":{"line":127,"column":2},"end":{"line":131,"column":3}},"21":{"start":{"line":128,"column":4},"end":{"line":128,"column":56}},"22":{"start":{"line":129,"column":6},"end":{"line":129,"column":55}},"23":{"start":{"line":130,"column":6},"end":{"line":130,"column":12}},"24":{"start":{"line":132,"column":2},"end":{"line":148,"column":3}},"25":{"start":{"line":133,"column":25},"end":{"line":133,"column":48}},"26":{"start":{"line":134,"column":22},"end":{"line":134,"column":60}},"27":{"start":{"line":135,"column":4},"end":{"line":143,"column":5}},"28":{"start":{"line":136,"column":8},"end":{"line":136,"column":null}},"29":{"start":{"line":137,"column":6},"end":{"line":137,"column":38}},"30":{"start":{"line":138,"column":6},"end":{"line":138,"column":12}},"31":{"start":{"line":140,"column":8},"end":{"line":140,"column":null}},"32":{"start":{"line":141,"column":6},"end":{"line":141,"column":61}},"33":{"start":{"line":142,"column":6},"end":{"line":142,"column":12}},"34":{"start":{"line":145,"column":4},"end":{"line":145,"column":55}},"35":{"start":{"line":146,"column":4},"end":{"line":146,"column":65}},"36":{"start":{"line":147,"column":4},"end":{"line":147,"column":10}},"37":{"start":{"line":125,"column":13},"end":{"line":125,"column":41}},"38":{"start":{"line":175,"column":31},"end":{"line":192,"column":1}},"39":{"start":{"line":176,"column":17},"end":{"line":176,"column":38}},"40":{"start":{"line":177,"column":2},"end":{"line":181,"column":3}},"41":{"start":{"line":178,"column":4},"end":{"line":178,"column":55}},"42":{"start":{"line":179,"column":4},"end":{"line":179,"column":53}},"43":{"start":{"line":180,"column":4},"end":{"line":180,"column":10}},"44":{"start":{"line":182,"column":2},"end":{"line":191,"column":3}},"45":{"start":{"line":183,"column":22},"end":{"line":183,"column":54}},"46":{"start":{"line":184,"column":4},"end":{"line":184,"column":null}},"47":{"start":{"line":185,"column":4},"end":{"line":185,"column":36}},"48":{"start":{"line":186,"column":4},"end":{"line":186,"column":10}},"49":{"start":{"line":188,"column":4},"end":{"line":188,"column":54}},"50":{"start":{"line":189,"column":4},"end":{"line":189,"column":66}},"51":{"start":{"line":190,"column":4},"end":{"line":190,"column":10}},"52":{"start":{"line":175,"column":13},"end":{"line":175,"column":31}},"53":{"start":{"line":227,"column":31},"end":{"line":252,"column":1}},"54":{"start":{"line":228,"column":17},"end":{"line":228,"column":38}},"55":{"start":{"line":229,"column":2},"end":{"line":233,"column":3}},"56":{"start":{"line":230,"column":4},"end":{"line":230,"column":60}},"57":{"start":{"line":231,"column":6},"end":{"line":231,"column":55}},"58":{"start":{"line":232,"column":6},"end":{"line":232,"column":12}},"59":{"start":{"line":234,"column":2},"end":{"line":251,"column":3}},"60":{"start":{"line":235,"column":26},"end":{"line":235,"column":49}},"61":{"start":{"line":236,"column":22},"end":{"line":236,"column":83}},"62":{"start":{"line":237,"column":4},"end":{"line":246,"column":5}},"63":{"start":{"line":238,"column":31},"end":{"line":238,"column":69}},"64":{"start":{"line":239,"column":8},"end":{"line":239,"column":null}},"65":{"start":{"line":240,"column":6},"end":{"line":240,"column":45}},"66":{"start":{"line":241,"column":6},"end":{"line":241,"column":12}},"67":{"start":{"line":243,"column":8},"end":{"line":243,"column":null}},"68":{"start":{"line":244,"column":6},"end":{"line":244,"column":61}},"69":{"start":{"line":245,"column":6},"end":{"line":245,"column":12}},"70":{"start":{"line":248,"column":4},"end":{"line":248,"column":59}},"71":{"start":{"line":249,"column":4},"end":{"line":249,"column":66}},"72":{"start":{"line":250,"column":4},"end":{"line":250,"column":10}},"73":{"start":{"line":227,"column":13},"end":{"line":227,"column":31}},"74":{"start":{"line":275,"column":31},"end":{"line":299,"column":1}},"75":{"start":{"line":276,"column":17},"end":{"line":276,"column":38}},"76":{"start":{"line":277,"column":2},"end":{"line":281,"column":3}},"77":{"start":{"line":278,"column":4},"end":{"line":278,"column":null}},"78":{"start":{"line":279,"column":6},"end":{"line":279,"column":55}},"79":{"start":{"line":280,"column":6},"end":{"line":280,"column":12}},"80":{"start":{"line":282,"column":2},"end":{"line":298,"column":3}},"81":{"start":{"line":283,"column":26},"end":{"line":283,"column":49}},"82":{"start":{"line":284,"column":20},"end":{"line":284,"column":72}},"83":{"start":{"line":285,"column":4},"end":{"line":293,"column":5}},"84":{"start":{"line":286,"column":8},"end":{"line":286,"column":null}},"85":{"start":{"line":287,"column":6},"end":{"line":287,"column":29}},"86":{"start":{"line":288,"column":6},"end":{"line":288,"column":12}},"87":{"start":{"line":290,"column":8},"end":{"line":290,"column":null}},"88":{"start":{"line":291,"column":6},"end":{"line":291,"column":61}},"89":{"start":{"line":292,"column":6},"end":{"line":292,"column":12}},"90":{"start":{"line":295,"column":4},"end":{"line":295,"column":57}},"91":{"start":{"line":296,"column":4},"end":{"line":296,"column":66}},"92":{"start":{"line":297,"column":4},"end":{"line":297,"column":10}},"93":{"start":{"line":275,"column":13},"end":{"line":275,"column":31}}},"fnMap":{"0":{"name":"(anonymous_1)","decl":{"start":{"line":81,"column":33},"end":{"line":81,"column":38}},"loc":{"start":{"line":81,"column":71},"end":{"line":98,"column":1}}},"1":{"name":"(anonymous_2)","decl":{"start":{"line":125,"column":41},"end":{"line":125,"column":46}},"loc":{"start":{"line":125,"column":79},"end":{"line":149,"column":1}}},"2":{"name":"(anonymous_3)","decl":{"start":{"line":175,"column":31},"end":{"line":175,"column":36}},"loc":{"start":{"line":175,"column":84},"end":{"line":192,"column":1}}},"3":{"name":"(anonymous_4)","decl":{"start":{"line":227,"column":31},"end":{"line":227,"column":36}},"loc":{"start":{"line":227,"column":69},"end":{"line":252,"column":1}}},"4":{"name":"(anonymous_5)","decl":{"start":{"line":275,"column":31},"end":{"line":275,"column":36}},"loc":{"start":{"line":275,"column":69},"end":{"line":299,"column":1}}}},"branchMap":{"0":{"loc":{"start":{"line":83,"column":2},"end":{"line":87,"column":3}},"type":"if","locations":[{"start":{"line":83,"column":2},"end":{"line":87,"column":3}}]},"1":{"loc":{"start":{"line":127,"column":2},"end":{"line":131,"column":3}},"type":"if","locations":[{"start":{"line":127,"column":2},"end":{"line":131,"column":3}}]},"2":{"loc":{"start":{"line":135,"column":4},"end":{"line":143,"column":5}},"type":"if","locations":[{"start":{"line":135,"column":4},"end":{"line":143,"column":5}},{"start":{"line":139,"column":11},"end":{"line":143,"column":5}}]},"3":{"loc":{"start":{"line":177,"column":2},"end":{"line":181,"column":3}},"type":"if","locations":[{"start":{"line":177,"column":2},"end":{"line":181,"column":3}}]},"4":{"loc":{"start":{"line":229,"column":2},"end":{"line":233,"column":3}},"type":"if","locations":[{"start":{"line":229,"column":2},"end":{"line":233,"column":3}}]},"5":{"loc":{"start":{"line":237,"column":4},"end":{"line":246,"column":5}},"type":"if","locations":[{"start":{"line":237,"column":4},"end":{"line":246,"column":5}},{"start":{"line":242,"column":11},"end":{"line":246,"column":5}}]},"6":{"loc":{"start":{"line":277,"column":2},"end":{"line":281,"column":3}},"type":"if","locations":[{"start":{"line":277,"column":2},"end":{"line":281,"column":3}}]},"7":{"loc":{"start":{"line":285,"column":4},"end":{"line":293,"column":5}},"type":"if","locations":[{"start":{"line":285,"column":4},"end":{"line":293,"column":5}},{"start":{"line":289,"column":11},"end":{"line":293,"column":5}}]}},"s":{"0":1,"1":1,"2":1,"3":1,"4":0,"5":0,"6":0,"7":0,"8":0,"9":0,"10":0,"11":0,"12":0,"13":0,"14":0,"15":0,"16":0,"17":1,"18":1,"19":2,"20":2,"21":0,"22":0,"23":0,"24":2,"25":2,"26":2,"27":2,"28":1,"29":1,"30":1,"31":1,"32":1,"33":1,"34":0,"35":0,"36":0,"37":1,"38":1,"39":0,"40":0,"41":0,"42":0,"43":0,"44":0,"45":0,"46":0,"47":0,"48":0,"49":0,"50":0,"51":0,"52":1,"53":1,"54":2,"55":2,"56":0,"57":0,"58":0,"59":2,"60":2,"61":2,"62":2,"63":1,"64":1,"65":1,"66":1,"67":1,"68":1,"69":1,"70":0,"71":0,"72":0,"73":1,"74":1,"75":0,"76":0,"77":0,"78":0,"79":0,"80":0,"81":0,"82":0,"83":0,"84":0,"85":0,"86":0,"87":0,"88":0,"89":0,"90":0,"91":0,"92":0,"93":1},"f":{"0":0,"1":2,"2":0,"3":2,"4":0},"b":{"0":[0],"1":[0],"2":[1,1],"3":[0],"4":[0],"5":[1,1],"6":[0],"7":[0,0]}}
,"D:\\Uni\\HTW\\9.Semester\\Bachelorarbeit\\PROCRM\\crm-candidates-service\\src\\controllers\\residenciaController.ts": {"path":"D:\\Uni\\HTW\\9.Semester\\Bachelorarbeit\\PROCRM\\crm-candidates-service\\src\\controllers\\residenciaController.ts","statementMap":{"0":{"start":{"line":3,"column":0},"end":{"line":3,"column":46}},"1":{"start":{"line":4,"column":0},"end":{"line":4,"column":51}},"2":{"start":{"line":5,"column":0},"end":{"line":5,"column":37}},"3":{"start":{"line":71,"column":33},"end":{"line":88,"column":1}},"4":{"start":{"line":72,"column":17},"end":{"line":72,"column":38}},"5":{"start":{"line":73,"column":2},"end":{"line":77,"column":3}},"6":{"start":{"line":74,"column":4},"end":{"line":74,"column":58}},"7":{"start":{"line":75,"column":6},"end":{"line":75,"column":55}},"8":{"start":{"line":76,"column":6},"end":{"line":76,"column":12}},"9":{"start":{"line":78,"column":2},"end":{"line":87,"column":3}},"10":{"start":{"line":79,"column":24},"end":{"line":79,"column":50}},"11":{"start":{"line":80,"column":4},"end":{"line":80,"column":null}},"12":{"start":{"line":81,"column":4},"end":{"line":81,"column":38}},"13":{"start":{"line":82,"column":4},"end":{"line":82,"column":10}},"14":{"start":{"line":84,"column":4},"end":{"line":84,"column":57}},"15":{"start":{"line":85,"column":4},"end":{"line":85,"column":67}},"16":{"start":{"line":86,"column":4},"end":{"line":86,"column":10}},"17":{"start":{"line":71,"column":13},"end":{"line":71,"column":33}},"18":{"start":{"line":115,"column":42},"end":{"line":139,"column":1}},"19":{"start":{"line":116,"column":17},"end":{"line":116,"column":38}},"20":{"start":{"line":117,"column":2},"end":{"line":121,"column":3}},"21":{"start":{"line":118,"column":4},"end":{"line":118,"column":57}},"22":{"start":{"line":119,"column":6},"end":{"line":119,"column":55}},"23":{"start":{"line":120,"column":6},"end":{"line":120,"column":12}},"24":{"start":{"line":122,"column":2},"end":{"line":138,"column":3}},"25":{"start":{"line":123,"column":25},"end":{"line":123,"column":48}},"26":{"start":{"line":124,"column":23},"end":{"line":124,"column":62}},"27":{"start":{"line":125,"column":4},"end":{"line":133,"column":5}},"28":{"start":{"line":126,"column":8},"end":{"line":126,"column":null}},"29":{"start":{"line":127,"column":6},"end":{"line":127,"column":39}},"30":{"start":{"line":128,"column":6},"end":{"line":128,"column":12}},"31":{"start":{"line":130,"column":8},"end":{"line":130,"column":null}},"32":{"start":{"line":131,"column":6},"end":{"line":131,"column":62}},"33":{"start":{"line":132,"column":6},"end":{"line":132,"column":12}},"34":{"start":{"line":135,"column":4},"end":{"line":135,"column":56}},"35":{"start":{"line":136,"column":4},"end":{"line":136,"column":66}},"36":{"start":{"line":137,"column":4},"end":{"line":137,"column":10}},"37":{"start":{"line":115,"column":13},"end":{"line":115,"column":42}},"38":{"start":{"line":163,"column":32},"end":{"line":180,"column":1}},"39":{"start":{"line":164,"column":17},"end":{"line":164,"column":38}},"40":{"start":{"line":165,"column":2},"end":{"line":169,"column":3}},"41":{"start":{"line":166,"column":4},"end":{"line":166,"column":56}},"42":{"start":{"line":167,"column":4},"end":{"line":167,"column":53}},"43":{"start":{"line":168,"column":4},"end":{"line":168,"column":10}},"44":{"start":{"line":170,"column":2},"end":{"line":179,"column":3}},"45":{"start":{"line":171,"column":23},"end":{"line":171,"column":56}},"46":{"start":{"line":172,"column":4},"end":{"line":172,"column":null}},"47":{"start":{"line":173,"column":4},"end":{"line":173,"column":37}},"48":{"start":{"line":174,"column":4},"end":{"line":174,"column":10}},"49":{"start":{"line":176,"column":4},"end":{"line":176,"column":55}},"50":{"start":{"line":177,"column":4},"end":{"line":177,"column":67}},"51":{"start":{"line":178,"column":4},"end":{"line":178,"column":10}},"52":{"start":{"line":163,"column":13},"end":{"line":163,"column":32}},"53":{"start":{"line":213,"column":32},"end":{"line":238,"column":1}},"54":{"start":{"line":214,"column":17},"end":{"line":214,"column":38}},"55":{"start":{"line":215,"column":2},"end":{"line":219,"column":3}},"56":{"start":{"line":216,"column":4},"end":{"line":216,"column":61}},"57":{"start":{"line":217,"column":6},"end":{"line":217,"column":55}},"58":{"start":{"line":218,"column":6},"end":{"line":218,"column":12}},"59":{"start":{"line":220,"column":2},"end":{"line":237,"column":3}},"60":{"start":{"line":221,"column":26},"end":{"line":221,"column":49}},"61":{"start":{"line":222,"column":22},"end":{"line":222,"column":84}},"62":{"start":{"line":223,"column":4},"end":{"line":232,"column":5}},"63":{"start":{"line":224,"column":32},"end":{"line":224,"column":71}},"64":{"start":{"line":225,"column":8},"end":{"line":225,"column":null}},"65":{"start":{"line":226,"column":6},"end":{"line":226,"column":46}},"66":{"start":{"line":227,"column":6},"end":{"line":227,"column":12}},"67":{"start":{"line":229,"column":8},"end":{"line":229,"column":null}},"68":{"start":{"line":230,"column":6},"end":{"line":230,"column":62}},"69":{"start":{"line":231,"column":6},"end":{"line":231,"column":12}},"70":{"start":{"line":234,"column":4},"end":{"line":234,"column":60}},"71":{"start":{"line":235,"column":4},"end":{"line":235,"column":67}},"72":{"start":{"line":236,"column":4},"end":{"line":236,"column":10}},"73":{"start":{"line":213,"column":13},"end":{"line":213,"column":32}},"74":{"start":{"line":261,"column":32},"end":{"line":285,"column":1}},"75":{"start":{"line":262,"column":17},"end":{"line":262,"column":38}},"76":{"start":{"line":263,"column":2},"end":{"line":267,"column":3}},"77":{"start":{"line":264,"column":4},"end":{"line":264,"column":59}},"78":{"start":{"line":265,"column":6},"end":{"line":265,"column":55}},"79":{"start":{"line":266,"column":6},"end":{"line":266,"column":12}},"80":{"start":{"line":268,"column":2},"end":{"line":284,"column":3}},"81":{"start":{"line":269,"column":26},"end":{"line":269,"column":49}},"82":{"start":{"line":270,"column":20},"end":{"line":270,"column":73}},"83":{"start":{"line":271,"column":4},"end":{"line":279,"column":5}},"84":{"start":{"line":272,"column":8},"end":{"line":272,"column":null}},"85":{"start":{"line":273,"column":6},"end":{"line":273,"column":29}},"86":{"start":{"line":274,"column":6},"end":{"line":274,"column":12}},"87":{"start":{"line":276,"column":8},"end":{"line":276,"column":null}},"88":{"start":{"line":277,"column":6},"end":{"line":277,"column":62}},"89":{"start":{"line":278,"column":6},"end":{"line":278,"column":12}},"90":{"start":{"line":281,"column":4},"end":{"line":281,"column":58}},"91":{"start":{"line":282,"column":4},"end":{"line":282,"column":67}},"92":{"start":{"line":283,"column":4},"end":{"line":283,"column":10}},"93":{"start":{"line":261,"column":13},"end":{"line":261,"column":32}}},"fnMap":{"0":{"name":"(anonymous_1)","decl":{"start":{"line":71,"column":33},"end":{"line":71,"column":38}},"loc":{"start":{"line":71,"column":71},"end":{"line":88,"column":1}}},"1":{"name":"(anonymous_2)","decl":{"start":{"line":115,"column":42},"end":{"line":115,"column":47}},"loc":{"start":{"line":115,"column":80},"end":{"line":139,"column":1}}},"2":{"name":"(anonymous_3)","decl":{"start":{"line":163,"column":32},"end":{"line":163,"column":37}},"loc":{"start":{"line":163,"column":85},"end":{"line":180,"column":1}}},"3":{"name":"(anonymous_4)","decl":{"start":{"line":213,"column":32},"end":{"line":213,"column":37}},"loc":{"start":{"line":213,"column":70},"end":{"line":238,"column":1}}},"4":{"name":"(anonymous_5)","decl":{"start":{"line":261,"column":32},"end":{"line":261,"column":37}},"loc":{"start":{"line":261,"column":70},"end":{"line":285,"column":1}}}},"branchMap":{"0":{"loc":{"start":{"line":73,"column":2},"end":{"line":77,"column":3}},"type":"if","locations":[{"start":{"line":73,"column":2},"end":{"line":77,"column":3}}]},"1":{"loc":{"start":{"line":117,"column":2},"end":{"line":121,"column":3}},"type":"if","locations":[{"start":{"line":117,"column":2},"end":{"line":121,"column":3}}]},"2":{"loc":{"start":{"line":125,"column":4},"end":{"line":133,"column":5}},"type":"if","locations":[{"start":{"line":125,"column":4},"end":{"line":133,"column":5}},{"start":{"line":129,"column":11},"end":{"line":133,"column":5}}]},"3":{"loc":{"start":{"line":165,"column":2},"end":{"line":169,"column":3}},"type":"if","locations":[{"start":{"line":165,"column":2},"end":{"line":169,"column":3}}]},"4":{"loc":{"start":{"line":215,"column":2},"end":{"line":219,"column":3}},"type":"if","locations":[{"start":{"line":215,"column":2},"end":{"line":219,"column":3}}]},"5":{"loc":{"start":{"line":223,"column":4},"end":{"line":232,"column":5}},"type":"if","locations":[{"start":{"line":223,"column":4},"end":{"line":232,"column":5}},{"start":{"line":228,"column":11},"end":{"line":232,"column":5}}]},"6":{"loc":{"start":{"line":263,"column":2},"end":{"line":267,"column":3}},"type":"if","locations":[{"start":{"line":263,"column":2},"end":{"line":267,"column":3}}]},"7":{"loc":{"start":{"line":271,"column":4},"end":{"line":279,"column":5}},"type":"if","locations":[{"start":{"line":271,"column":4},"end":{"line":279,"column":5}},{"start":{"line":275,"column":11},"end":{"line":279,"column":5}}]}},"s":{"0":1,"1":1,"2":1,"3":1,"4":0,"5":0,"6":0,"7":0,"8":0,"9":0,"10":0,"11":0,"12":0,"13":0,"14":0,"15":0,"16":0,"17":1,"18":1,"19":2,"20":2,"21":0,"22":0,"23":0,"24":2,"25":2,"26":2,"27":2,"28":1,"29":1,"30":1,"31":1,"32":1,"33":1,"34":0,"35":0,"36":0,"37":1,"38":1,"39":0,"40":0,"41":0,"42":0,"43":0,"44":0,"45":0,"46":0,"47":0,"48":0,"49":0,"50":0,"51":0,"52":1,"53":1,"54":2,"55":2,"56":0,"57":0,"58":0,"59":2,"60":2,"61":2,"62":2,"63":1,"64":1,"65":1,"66":1,"67":1,"68":1,"69":1,"70":0,"71":0,"72":0,"73":1,"74":1,"75":0,"76":0,"77":0,"78":0,"79":0,"80":0,"81":0,"82":0,"83":0,"84":0,"85":0,"86":0,"87":0,"88":0,"89":0,"90":0,"91":0,"92":0,"93":1},"f":{"0":0,"1":2,"2":0,"3":2,"4":0},"b":{"0":[0],"1":[0],"2":[1,1],"3":[0],"4":[0],"5":[1,1],"6":[0],"7":[0,0]}}
,"D:\\Uni\\HTW\\9.Semester\\Bachelorarbeit\\PROCRM\\crm-candidates-service\\src\\controllers\\viciosController.ts": {"path":"D:\\Uni\\HTW\\9.Semester\\Bachelorarbeit\\PROCRM\\crm-candidates-service\\src\\controllers\\viciosController.ts","statementMap":{"0":{"start":{"line":3,"column":0},"end":{"line":3,"column":38}},"1":{"start":{"line":4,"column":0},"end":{"line":4,"column":51}},"2":{"start":{"line":5,"column":0},"end":{"line":5,"column":37}},"3":{"start":{"line":66,"column":28},"end":{"line":83,"column":1}},"4":{"start":{"line":67,"column":17},"end":{"line":67,"column":38}},"5":{"start":{"line":68,"column":2},"end":{"line":72,"column":3}},"6":{"start":{"line":69,"column":4},"end":{"line":69,"column":53}},"7":{"start":{"line":70,"column":6},"end":{"line":70,"column":55}},"8":{"start":{"line":71,"column":6},"end":{"line":71,"column":12}},"9":{"start":{"line":73,"column":2},"end":{"line":82,"column":3}},"10":{"start":{"line":74,"column":19},"end":{"line":74,"column":41}},"11":{"start":{"line":75,"column":4},"end":{"line":75,"column":null}},"12":{"start":{"line":76,"column":4},"end":{"line":76,"column":33}},"13":{"start":{"line":77,"column":4},"end":{"line":77,"column":10}},"14":{"start":{"line":79,"column":4},"end":{"line":79,"column":52}},"15":{"start":{"line":80,"column":4},"end":{"line":80,"column":62}},"16":{"start":{"line":81,"column":4},"end":{"line":81,"column":10}},"17":{"start":{"line":66,"column":13},"end":{"line":66,"column":28}},"18":{"start":{"line":110,"column":38},"end":{"line":134,"column":1}},"19":{"start":{"line":111,"column":17},"end":{"line":111,"column":38}},"20":{"start":{"line":112,"column":2},"end":{"line":116,"column":3}},"21":{"start":{"line":113,"column":4},"end":{"line":113,"column":53}},"22":{"start":{"line":114,"column":6},"end":{"line":114,"column":55}},"23":{"start":{"line":115,"column":6},"end":{"line":115,"column":12}},"24":{"start":{"line":117,"column":2},"end":{"line":133,"column":3}},"25":{"start":{"line":118,"column":25},"end":{"line":118,"column":48}},"26":{"start":{"line":119,"column":19},"end":{"line":119,"column":54}},"27":{"start":{"line":120,"column":4},"end":{"line":128,"column":5}},"28":{"start":{"line":121,"column":8},"end":{"line":121,"column":null}},"29":{"start":{"line":122,"column":6},"end":{"line":122,"column":35}},"30":{"start":{"line":123,"column":6},"end":{"line":123,"column":12}},"31":{"start":{"line":125,"column":8},"end":{"line":125,"column":null}},"32":{"start":{"line":126,"column":6},"end":{"line":126,"column":58}},"33":{"start":{"line":127,"column":6},"end":{"line":127,"column":12}},"34":{"start":{"line":130,"column":4},"end":{"line":130,"column":52}},"35":{"start":{"line":131,"column":4},"end":{"line":131,"column":62}},"36":{"start":{"line":132,"column":4},"end":{"line":132,"column":10}},"37":{"start":{"line":110,"column":13},"end":{"line":110,"column":38}},"38":{"start":{"line":158,"column":28},"end":{"line":175,"column":1}},"39":{"start":{"line":159,"column":17},"end":{"line":159,"column":38}},"40":{"start":{"line":160,"column":2},"end":{"line":164,"column":3}},"41":{"start":{"line":161,"column":4},"end":{"line":161,"column":52}},"42":{"start":{"line":162,"column":4},"end":{"line":162,"column":53}},"43":{"start":{"line":163,"column":4},"end":{"line":163,"column":10}},"44":{"start":{"line":165,"column":2},"end":{"line":174,"column":3}},"45":{"start":{"line":166,"column":19},"end":{"line":166,"column":48}},"46":{"start":{"line":167,"column":4},"end":{"line":167,"column":null}},"47":{"start":{"line":168,"column":4},"end":{"line":168,"column":33}},"48":{"start":{"line":169,"column":4},"end":{"line":169,"column":10}},"49":{"start":{"line":171,"column":4},"end":{"line":171,"column":51}},"50":{"start":{"line":172,"column":4},"end":{"line":172,"column":63}},"51":{"start":{"line":173,"column":4},"end":{"line":173,"column":10}},"52":{"start":{"line":158,"column":13},"end":{"line":158,"column":28}},"53":{"start":{"line":208,"column":28},"end":{"line":233,"column":1}},"54":{"start":{"line":209,"column":17},"end":{"line":209,"column":38}},"55":{"start":{"line":210,"column":2},"end":{"line":214,"column":3}},"56":{"start":{"line":211,"column":4},"end":{"line":211,"column":57}},"57":{"start":{"line":212,"column":6},"end":{"line":212,"column":55}},"58":{"start":{"line":213,"column":6},"end":{"line":213,"column":12}},"59":{"start":{"line":215,"column":2},"end":{"line":232,"column":3}},"60":{"start":{"line":216,"column":25},"end":{"line":216,"column":48}},"61":{"start":{"line":217,"column":22},"end":{"line":217,"column":80}},"62":{"start":{"line":218,"column":4},"end":{"line":227,"column":5}},"63":{"start":{"line":219,"column":28},"end":{"line":219,"column":63}},"64":{"start":{"line":220,"column":8},"end":{"line":220,"column":null}},"65":{"start":{"line":221,"column":6},"end":{"line":221,"column":42}},"66":{"start":{"line":222,"column":6},"end":{"line":222,"column":12}},"67":{"start":{"line":224,"column":8},"end":{"line":224,"column":null}},"68":{"start":{"line":225,"column":6},"end":{"line":225,"column":58}},"69":{"start":{"line":226,"column":6},"end":{"line":226,"column":12}},"70":{"start":{"line":229,"column":4},"end":{"line":229,"column":56}},"71":{"start":{"line":230,"column":4},"end":{"line":230,"column":63}},"72":{"start":{"line":231,"column":4},"end":{"line":231,"column":10}},"73":{"start":{"line":208,"column":13},"end":{"line":208,"column":28}},"74":{"start":{"line":256,"column":28},"end":{"line":280,"column":1}},"75":{"start":{"line":257,"column":17},"end":{"line":257,"column":38}},"76":{"start":{"line":258,"column":2},"end":{"line":262,"column":3}},"77":{"start":{"line":259,"column":4},"end":{"line":259,"column":55}},"78":{"start":{"line":260,"column":6},"end":{"line":260,"column":55}},"79":{"start":{"line":261,"column":6},"end":{"line":261,"column":12}},"80":{"start":{"line":263,"column":2},"end":{"line":279,"column":3}},"81":{"start":{"line":264,"column":25},"end":{"line":264,"column":48}},"82":{"start":{"line":265,"column":20},"end":{"line":265,"column":69}},"83":{"start":{"line":266,"column":4},"end":{"line":274,"column":5}},"84":{"start":{"line":267,"column":8},"end":{"line":267,"column":null}},"85":{"start":{"line":268,"column":6},"end":{"line":268,"column":29}},"86":{"start":{"line":269,"column":6},"end":{"line":269,"column":12}},"87":{"start":{"line":271,"column":8},"end":{"line":271,"column":null}},"88":{"start":{"line":272,"column":6},"end":{"line":272,"column":58}},"89":{"start":{"line":273,"column":6},"end":{"line":273,"column":12}},"90":{"start":{"line":276,"column":4},"end":{"line":276,"column":54}},"91":{"start":{"line":277,"column":4},"end":{"line":277,"column":63}},"92":{"start":{"line":278,"column":4},"end":{"line":278,"column":10}},"93":{"start":{"line":256,"column":13},"end":{"line":256,"column":28}}},"fnMap":{"0":{"name":"(anonymous_1)","decl":{"start":{"line":66,"column":28},"end":{"line":66,"column":33}},"loc":{"start":{"line":66,"column":66},"end":{"line":83,"column":1}}},"1":{"name":"(anonymous_2)","decl":{"start":{"line":110,"column":38},"end":{"line":110,"column":43}},"loc":{"start":{"line":110,"column":76},"end":{"line":134,"column":1}}},"2":{"name":"(anonymous_3)","decl":{"start":{"line":158,"column":28},"end":{"line":158,"column":33}},"loc":{"start":{"line":158,"column":81},"end":{"line":175,"column":1}}},"3":{"name":"(anonymous_4)","decl":{"start":{"line":208,"column":28},"end":{"line":208,"column":33}},"loc":{"start":{"line":208,"column":66},"end":{"line":233,"column":1}}},"4":{"name":"(anonymous_5)","decl":{"start":{"line":256,"column":28},"end":{"line":256,"column":33}},"loc":{"start":{"line":256,"column":66},"end":{"line":280,"column":1}}}},"branchMap":{"0":{"loc":{"start":{"line":68,"column":2},"end":{"line":72,"column":3}},"type":"if","locations":[{"start":{"line":68,"column":2},"end":{"line":72,"column":3}}]},"1":{"loc":{"start":{"line":112,"column":2},"end":{"line":116,"column":3}},"type":"if","locations":[{"start":{"line":112,"column":2},"end":{"line":116,"column":3}}]},"2":{"loc":{"start":{"line":120,"column":4},"end":{"line":128,"column":5}},"type":"if","locations":[{"start":{"line":120,"column":4},"end":{"line":128,"column":5}},{"start":{"line":124,"column":11},"end":{"line":128,"column":5}}]},"3":{"loc":{"start":{"line":160,"column":2},"end":{"line":164,"column":3}},"type":"if","locations":[{"start":{"line":160,"column":2},"end":{"line":164,"column":3}}]},"4":{"loc":{"start":{"line":210,"column":2},"end":{"line":214,"column":3}},"type":"if","locations":[{"start":{"line":210,"column":2},"end":{"line":214,"column":3}}]},"5":{"loc":{"start":{"line":218,"column":4},"end":{"line":227,"column":5}},"type":"if","locations":[{"start":{"line":218,"column":4},"end":{"line":227,"column":5}},{"start":{"line":223,"column":11},"end":{"line":227,"column":5}}]},"6":{"loc":{"start":{"line":258,"column":2},"end":{"line":262,"column":3}},"type":"if","locations":[{"start":{"line":258,"column":2},"end":{"line":262,"column":3}}]},"7":{"loc":{"start":{"line":266,"column":4},"end":{"line":274,"column":5}},"type":"if","locations":[{"start":{"line":266,"column":4},"end":{"line":274,"column":5}},{"start":{"line":270,"column":11},"end":{"line":274,"column":5}}]}},"s":{"0":1,"1":1,"2":1,"3":1,"4":0,"5":0,"6":0,"7":0,"8":0,"9":0,"10":0,"11":0,"12":0,"13":0,"14":0,"15":0,"16":0,"17":1,"18":1,"19":2,"20":2,"21":0,"22":0,"23":0,"24":2,"25":2,"26":2,"27":2,"28":1,"29":1,"30":1,"31":1,"32":1,"33":1,"34":0,"35":0,"36":0,"37":1,"38":1,"39":0,"40":0,"41":0,"42":0,"43":0,"44":0,"45":0,"46":0,"47":0,"48":0,"49":0,"50":0,"51":0,"52":1,"53":1,"54":2,"55":2,"56":0,"57":0,"58":0,"59":2,"60":2,"61":2,"62":2,"63":1,"64":1,"65":1,"66":1,"67":1,"68":1,"69":1,"70":0,"71":0,"72":0,"73":1,"74":1,"75":0,"76":0,"77":0,"78":0,"79":0,"80":0,"81":0,"82":0,"83":0,"84":0,"85":0,"86":0,"87":0,"88":0,"89":0,"90":0,"91":0,"92":0,"93":1},"f":{"0":0,"1":2,"2":0,"3":2,"4":0},"b":{"0":[0],"1":[0],"2":[1,1],"3":[0],"4":[0],"5":[1,1],"6":[0],"7":[0,0]}}
,"D:\\Uni\\HTW\\9.Semester\\Bachelorarbeit\\PROCRM\\crm-candidates-service\\src\\database\\db.ts": {"path":"D:\\Uni\\HTW\\9.Semester\\Bachelorarbeit\\PROCRM\\crm-candidates-service\\src\\database\\db.ts","statementMap":{"0":{"start":{"line":1,"column":0},"end":{"line":1,"column":38}},"1":{"start":{"line":2,"column":0},"end":{"line":2,"column":28}},"2":{"start":{"line":7,"column":0},"end":{"line":7,"column":16}},"3":{"start":{"line":21,"column":18},"end":{"line":29,"column":null}},"4":{"start":{"line":49,"column":0},"end":{"line":49,"column":25}}},"fnMap":{},"branchMap":{},"s":{"0":8,"1":8,"2":8,"3":8,"4":8},"f":{},"b":{}}
,"D:\\Uni\\HTW\\9.Semester\\Bachelorarbeit\\PROCRM\\crm-candidates-service\\src\\models\\candidato.ts": {"path":"D:\\Uni\\HTW\\9.Semester\\Bachelorarbeit\\PROCRM\\crm-candidates-service\\src\\models\\candidato.ts","statementMap":{"0":{"start":{"line":1,"column":0},"end":{"line":1,"column":43}},"1":{"start":{"line":2,"column":0},"end":{"line":2,"column":39}},"2":{"start":{"line":44,"column":0},"end":{"line":98,"column":null}},"3":{"start":{"line":100,"column":0},"end":{"line":100,"column":25}}},"fnMap":{},"branchMap":{},"s":{"0":1,"1":1,"2":1,"3":1},"f":{},"b":{}}
,"D:\\Uni\\HTW\\9.Semester\\Bachelorarbeit\\PROCRM\\crm-candidates-service\\src\\models\\contacto.ts": {"path":"D:\\Uni\\HTW\\9.Semester\\Bachelorarbeit\\PROCRM\\crm-candidates-service\\src\\models\\contacto.ts","statementMap":{"0":{"start":{"line":1,"column":0},"end":{"line":1,"column":45}},"1":{"start":{"line":2,"column":0},"end":{"line":2,"column":39}},"2":{"start":{"line":44,"column":0},"end":{"line":78,"column":2}},"3":{"start":{"line":80,"column":0},"end":{"line":80,"column":24}}},"fnMap":{},"branchMap":{},"s":{"0":1,"1":1,"2":1,"3":1},"f":{},"b":{}}
,"D:\\Uni\\HTW\\9.Semester\\Bachelorarbeit\\PROCRM\\crm-candidates-service\\src\\models\\estudio.ts": {"path":"D:\\Uni\\HTW\\9.Semester\\Bachelorarbeit\\PROCRM\\crm-candidates-service\\src\\models\\estudio.ts","statementMap":{"0":{"start":{"line":1,"column":0},"end":{"line":1,"column":45}},"1":{"start":{"line":2,"column":0},"end":{"line":2,"column":39}},"2":{"start":{"line":29,"column":0},"end":{"line":59,"column":2}},"3":{"start":{"line":61,"column":0},"end":{"line":61,"column":23}}},"fnMap":{},"branchMap":{},"s":{"0":1,"1":1,"2":1,"3":1},"f":{},"b":{}}
,"D:\\Uni\\HTW\\9.Semester\\Bachelorarbeit\\PROCRM\\crm-candidates-service\\src\\models\\experienciaLaboral.ts": {"path":"D:\\Uni\\HTW\\9.Semester\\Bachelorarbeit\\PROCRM\\crm-candidates-service\\src\\models\\experienciaLaboral.ts","statementMap":{"0":{"start":{"line":1,"column":0},"end":{"line":1,"column":45}},"1":{"start":{"line":2,"column":0},"end":{"line":2,"column":39}},"2":{"start":{"line":53,"column":0},"end":{"line":115,"column":2}},"3":{"start":{"line":117,"column":0},"end":{"line":117,"column":34}}},"fnMap":{},"branchMap":{},"s":{"0":1,"1":1,"2":1,"3":1},"f":{},"b":{}}
,"D:\\Uni\\HTW\\9.Semester\\Bachelorarbeit\\PROCRM\\crm-candidates-service\\src\\models\\informacionPersonal.ts": {"path":"D:\\Uni\\HTW\\9.Semester\\Bachelorarbeit\\PROCRM\\crm-candidates-service\\src\\models\\informacionPersonal.ts","statementMap":{"0":{"start":{"line":1,"column":0},"end":{"line":1,"column":45}},"1":{"start":{"line":2,"column":0},"end":{"line":2,"column":39}},"2":{"start":{"line":65,"column":0},"end":{"line":143,"column":2}},"3":{"start":{"line":145,"column":0},"end":{"line":145,"column":35}}},"fnMap":{},"branchMap":{},"s":{"0":1,"1":1,"2":1,"3":1},"f":{},"b":{}}
,"D:\\Uni\\HTW\\9.Semester\\Bachelorarbeit\\PROCRM\\crm-candidates-service\\src\\models\\mobilidad.ts": {"path":"D:\\Uni\\HTW\\9.Semester\\Bachelorarbeit\\PROCRM\\crm-candidates-service\\src\\models\\mobilidad.ts","statementMap":{"0":{"start":{"line":1,"column":0},"end":{"line":1,"column":45}},"1":{"start":{"line":2,"column":0},"end":{"line":2,"column":39}},"2":{"start":{"line":44,"column":0},"end":{"line":94,"column":2}},"3":{"start":{"line":96,"column":0},"end":{"line":96,"column":25}}},"fnMap":{},"branchMap":{},"s":{"0":1,"1":1,"2":1,"3":1},"f":{},"b":{}}
,"D:\\Uni\\HTW\\9.Semester\\Bachelorarbeit\\PROCRM\\crm-candidates-service\\src\\models\\residencia.ts": {"path":"D:\\Uni\\HTW\\9.Semester\\Bachelorarbeit\\PROCRM\\crm-candidates-service\\src\\models\\residencia.ts","statementMap":{"0":{"start":{"line":1,"column":0},"end":{"line":1,"column":45}},"1":{"start":{"line":2,"column":0},"end":{"line":2,"column":39}},"2":{"start":{"line":35,"column":0},"end":{"line":73,"column":2}},"3":{"start":{"line":75,"column":0},"end":{"line":75,"column":26}}},"fnMap":{},"branchMap":{},"s":{"0":1,"1":1,"2":1,"3":1},"f":{},"b":{}}
,"D:\\Uni\\HTW\\9.Semester\\Bachelorarbeit\\PROCRM\\crm-candidates-service\\src\\models\\vicios.ts": {"path":"D:\\Uni\\HTW\\9.Semester\\Bachelorarbeit\\PROCRM\\crm-candidates-service\\src\\models\\vicios.ts","statementMap":{"0":{"start":{"line":1,"column":0},"end":{"line":1,"column":45}},"1":{"start":{"line":2,"column":0},"end":{"line":2,"column":39}},"2":{"start":{"line":32,"column":0},"end":{"line":66,"column":2}},"3":{"start":{"line":68,"column":0},"end":{"line":68,"column":22}}},"fnMap":{},"branchMap":{},"s":{"0":1,"1":1,"2":1,"3":1},"f":{},"b":{}}
,"D:\\Uni\\HTW\\9.Semester\\Bachelorarbeit\\PROCRM\\crm-candidates-service\\src\\utils\\logger.ts": {"path":"D:\\Uni\\HTW\\9.Semester\\Bachelorarbeit\\PROCRM\\crm-candidates-service\\src\\utils\\logger.ts","statementMap":{"0":{"start":{"line":1,"column":0},"end":{"line":1,"column":59}},"1":{"start":{"line":11,"column":15},"end":{"line":21,"column":2}},"2":{"start":{"line":15,"column":57},"end":{"line":15,"column":94}},"3":{"start":{"line":23,"column":0},"end":{"line":23,"column":22}}},"fnMap":{"0":{"name":"(anonymous_0)","decl":{"start":{"line":15,"column":22},"end":{"line":15,"column":23}},"loc":{"start":{"line":15,"column":57},"end":{"line":15,"column":94}}}},"branchMap":{},"s":{"0":8,"1":8,"2":30,"3":8},"f":{"0":30},"b":{}}
}
