TN:
SF:src\controllers\candidatoController.ts
FN:90,(anonymous_1)
FN:159,(anonymous_2)
FN:209,(anonymous_3)
FN:261,(anonymous_4)
FN:309,(anonymous_5)
FNF:5
FNH:0
FNDA:0,(anonymous_1)
FNDA:0,(anonymous_2)
FNDA:0,(anonymous_3)
FNDA:0,(anonymous_4)
FNDA:0,(anonymous_5)
DA:3,1
DA:4,1
DA:5,1
DA:6,1
DA:7,1
DA:90,1
DA:91,0
DA:92,0
DA:93,0
DA:94,0
DA:95,0
DA:98,0
DA:99,0
DA:100,0
DA:102,0
DA:104,0
DA:105,0
DA:113,0
DA:120,0
DA:126,0
DA:128,0
DA:129,0
DA:159,1
DA:160,0
DA:161,0
DA:162,0
DA:163,0
DA:164,0
DA:166,0
DA:167,0
DA:168,0
DA:169,0
DA:170,0
DA:171,0
DA:172,0
DA:174,0
DA:175,0
DA:176,0
DA:179,0
DA:180,0
DA:181,0
DA:209,1
DA:210,0
DA:211,0
DA:212,0
DA:213,0
DA:214,0
DA:216,0
DA:217,0
DA:218,0
DA:219,0
DA:220,0
DA:222,0
DA:223,0
DA:224,0
DA:261,1
DA:262,0
DA:263,0
DA:264,0
DA:265,0
DA:266,0
DA:268,0
DA:269,0
DA:270,0
DA:271,0
DA:272,0
DA:273,0
DA:274,0
DA:275,0
DA:277,0
DA:278,0
DA:279,0
DA:282,0
DA:283,0
DA:284,0
DA:309,1
DA:310,0
DA:311,0
DA:312,0
DA:313,0
DA:314,0
DA:316,0
DA:317,0
DA:318,0
DA:319,0
DA:320,0
DA:321,0
DA:322,0
DA:324,0
DA:325,0
DA:326,0
DA:329,0
DA:330,0
DA:331,0
LF:94
LH:10
BRDA:92,0,0,0
BRDA:99,1,0,0
BRDA:99,1,1,0
BRDA:100,2,0,0
BRDA:100,2,1,0
BRDA:104,3,0,0
BRDA:104,3,1,0
BRDA:105,4,0,0
BRDA:105,4,1,0
BRDA:161,5,0,0
BRDA:169,6,0,0
BRDA:169,6,1,0
BRDA:211,7,0,0
BRDA:263,8,0,0
BRDA:271,9,0,0
BRDA:271,9,1,0
BRDA:311,10,0,0
BRDA:319,11,0,0
BRDA:319,11,1,0
BRF:19
BRH:0
end_of_record
TN:
SF:src\controllers\contactoController.ts
FN:65,(anonymous_1)
FN:109,(anonymous_2)
FN:162,(anonymous_3)
FN:206,(anonymous_4)
FN:257,(anonymous_5)
FN:305,(anonymous_6)
FNF:6
FNH:0
FNDA:0,(anonymous_1)
FNDA:0,(anonymous_2)
FNDA:0,(anonymous_3)
FNDA:0,(anonymous_4)
FNDA:0,(anonymous_5)
FNDA:0,(anonymous_6)
DA:3,1
DA:4,1
DA:5,1
DA:65,1
DA:66,0
DA:67,0
DA:68,0
DA:69,0
DA:70,0
DA:72,0
DA:73,0
DA:74,0
DA:75,0
DA:76,0
DA:78,0
DA:79,0
DA:80,0
DA:109,1
DA:110,0
DA:111,0
DA:112,0
DA:113,0
DA:114,0
DA:116,0
DA:117,0
DA:118,0
DA:119,0
DA:120,0
DA:121,0
DA:122,0
DA:124,0
DA:125,0
DA:126,0
DA:129,0
DA:130,0
DA:131,0
DA:162,1
DA:163,0
DA:164,0
DA:165,0
DA:166,0
DA:167,0
DA:169,0
DA:170,0
DA:171,0
DA:172,0
DA:173,0
DA:174,0
DA:176,0
DA:177,0
DA:178,0
DA:206,1
DA:207,0
DA:208,0
DA:209,0
DA:210,0
DA:211,0
DA:213,0
DA:214,0
DA:215,0
DA:216,0
DA:217,0
DA:219,0
DA:220,0
DA:221,0
DA:257,1
DA:258,0
DA:259,0
DA:260,0
DA:261,0
DA:262,0
DA:264,0
DA:265,0
DA:266,0
DA:267,0
DA:268,0
DA:269,0
DA:270,0
DA:271,0
DA:273,0
DA:274,0
DA:275,0
DA:278,0
DA:279,0
DA:280,0
DA:305,1
DA:306,0
DA:307,0
DA:308,0
DA:309,0
DA:310,0
DA:312,0
DA:313,0
DA:314,0
DA:315,0
DA:316,0
DA:317,0
DA:318,0
DA:320,0
DA:321,0
DA:322,0
DA:325,0
DA:326,0
DA:327,0
LF:104
LH:9
BRDA:67,0,0,0
BRDA:111,1,0,0
BRDA:119,2,0,0
BRDA:119,2,1,0
BRDA:164,3,0,0
BRDA:208,4,0,0
BRDA:259,5,0,0
BRDA:267,6,0,0
BRDA:267,6,1,0
BRDA:307,7,0,0
BRDA:315,8,0,0
BRDA:315,8,1,0
BRF:12
BRH:0
end_of_record
TN:
SF:src\controllers\estudioController.ts
FN:61,(anonymous_1)
FN:105,(anonymous_2)
FN:158,(anonymous_3)
FN:202,(anonymous_4)
FN:254,(anonymous_5)
FN:302,(anonymous_6)
FNF:6
FNH:0
FNDA:0,(anonymous_1)
FNDA:0,(anonymous_2)
FNDA:0,(anonymous_3)
FNDA:0,(anonymous_4)
FNDA:0,(anonymous_5)
FNDA:0,(anonymous_6)
DA:3,1
DA:4,1
DA:5,1
DA:61,1
DA:62,0
DA:63,0
DA:64,0
DA:65,0
DA:66,0
DA:68,0
DA:69,0
DA:70,0
DA:71,0
DA:72,0
DA:74,0
DA:75,0
DA:76,0
DA:105,1
DA:106,0
DA:107,0
DA:108,0
DA:109,0
DA:110,0
DA:112,0
DA:113,0
DA:114,0
DA:115,0
DA:116,0
DA:117,0
DA:118,0
DA:120,0
DA:121,0
DA:122,0
DA:125,0
DA:126,0
DA:127,0
DA:158,1
DA:159,0
DA:160,0
DA:161,0
DA:162,0
DA:163,0
DA:165,0
DA:166,0
DA:167,0
DA:168,0
DA:169,0
DA:170,0
DA:172,0
DA:173,0
DA:174,0
DA:202,1
DA:203,0
DA:204,0
DA:205,0
DA:206,0
DA:207,0
DA:209,0
DA:210,0
DA:211,0
DA:212,0
DA:213,0
DA:215,0
DA:216,0
DA:217,0
DA:254,1
DA:255,0
DA:256,0
DA:257,0
DA:258,0
DA:259,0
DA:261,0
DA:262,0
DA:263,0
DA:264,0
DA:265,0
DA:266,0
DA:267,0
DA:268,0
DA:270,0
DA:271,0
DA:272,0
DA:275,0
DA:276,0
DA:277,0
DA:302,1
DA:303,0
DA:304,0
DA:305,0
DA:306,0
DA:307,0
DA:309,0
DA:310,0
DA:311,0
DA:312,0
DA:313,0
DA:314,0
DA:315,0
DA:317,0
DA:318,0
DA:319,0
DA:322,0
DA:323,0
DA:324,0
LF:104
LH:9
BRDA:63,0,0,0
BRDA:107,1,0,0
BRDA:115,2,0,0
BRDA:115,2,1,0
BRDA:160,3,0,0
BRDA:204,4,0,0
BRDA:256,5,0,0
BRDA:264,6,0,0
BRDA:264,6,1,0
BRDA:304,7,0,0
BRDA:312,8,0,0
BRDA:312,8,1,0
BRF:12
BRH:0
end_of_record
TN:
SF:src\controllers\experienciaLaboralController.ts
FN:94,(anonymous_1)
FN:138,(anonymous_2)
FN:191,(anonymous_3)
FN:233,(anonymous_4)
FN:283,(anonymous_5)
FN:331,(anonymous_6)
FNF:6
FNH:0
FNDA:0,(anonymous_1)
FNDA:0,(anonymous_2)
FNDA:0,(anonymous_3)
FNDA:0,(anonymous_4)
FNDA:0,(anonymous_5)
FNDA:0,(anonymous_6)
DA:3,1
DA:4,1
DA:5,1
DA:94,1
DA:95,0
DA:96,0
DA:97,0
DA:98,0
DA:99,0
DA:101,0
DA:102,0
DA:103,0
DA:104,0
DA:105,0
DA:107,0
DA:108,0
DA:109,0
DA:138,1
DA:139,0
DA:140,0
DA:141,0
DA:142,0
DA:143,0
DA:145,0
DA:146,0
DA:147,0
DA:148,0
DA:149,0
DA:150,0
DA:151,0
DA:153,0
DA:154,0
DA:155,0
DA:158,0
DA:159,0
DA:160,0
DA:191,1
DA:192,0
DA:193,0
DA:194,0
DA:195,0
DA:196,0
DA:198,0
DA:199,0
DA:200,0
DA:201,0
DA:202,0
DA:203,0
DA:205,0
DA:206,0
DA:207,0
DA:233,1
DA:234,0
DA:235,0
DA:236,0
DA:237,0
DA:238,0
DA:240,0
DA:241,0
DA:242,0
DA:243,0
DA:244,0
DA:246,0
DA:247,0
DA:248,0
DA:283,1
DA:284,0
DA:285,0
DA:286,0
DA:287,0
DA:288,0
DA:290,0
DA:291,0
DA:292,0
DA:293,0
DA:294,0
DA:295,0
DA:296,0
DA:297,0
DA:299,0
DA:300,0
DA:301,0
DA:304,0
DA:305,0
DA:306,0
DA:331,1
DA:332,0
DA:333,0
DA:334,0
DA:335,0
DA:336,0
DA:338,0
DA:339,0
DA:340,0
DA:341,0
DA:342,0
DA:343,0
DA:344,0
DA:346,0
DA:347,0
DA:348,0
DA:351,0
DA:352,0
DA:353,0
LF:104
LH:9
BRDA:96,0,0,0
BRDA:140,1,0,0
BRDA:148,2,0,0
BRDA:148,2,1,0
BRDA:193,3,0,0
BRDA:235,4,0,0
BRDA:285,5,0,0
BRDA:293,6,0,0
BRDA:293,6,1,0
BRDA:333,7,0,0
BRDA:341,8,0,0
BRDA:341,8,1,0
BRF:12
BRH:0
end_of_record
TN:
SF:src\controllers\informacionPersonalController.ts
FN:115,(anonymous_1)
FN:159,(anonymous_2)
FN:209,(anonymous_3)
FN:261,(anonymous_4)
FN:309,(anonymous_5)
FNF:5
FNH:0
FNDA:0,(anonymous_1)
FNDA:0,(anonymous_2)
FNDA:0,(anonymous_3)
FNDA:0,(anonymous_4)
FNDA:0,(anonymous_5)
DA:3,1
DA:4,1
DA:5,1
DA:115,1
DA:116,0
DA:117,0
DA:118,0
DA:119,0
DA:120,0
DA:122,0
DA:123,0
DA:124,0
DA:125,0
DA:126,0
DA:128,0
DA:129,0
DA:130,0
DA:159,1
DA:160,0
DA:161,0
DA:162,0
DA:163,0
DA:164,0
DA:166,0
DA:167,0
DA:168,0
DA:169,0
DA:170,0
DA:171,0
DA:172,0
DA:174,0
DA:175,0
DA:176,0
DA:179,0
DA:180,0
DA:181,0
DA:209,1
DA:210,0
DA:211,0
DA:212,0
DA:213,0
DA:214,0
DA:216,0
DA:217,0
DA:218,0
DA:219,0
DA:220,0
DA:222,0
DA:223,0
DA:224,0
DA:261,1
DA:262,0
DA:263,0
DA:264,0
DA:265,0
DA:266,0
DA:268,0
DA:269,0
DA:270,0
DA:271,0
DA:272,0
DA:273,0
DA:274,0
DA:275,0
DA:277,0
DA:278,0
DA:279,0
DA:282,0
DA:283,0
DA:284,0
DA:309,1
DA:310,0
DA:311,0
DA:312,0
DA:313,0
DA:314,0
DA:316,0
DA:317,0
DA:318,0
DA:319,0
DA:320,0
DA:321,0
DA:322,0
DA:324,0
DA:325,0
DA:326,0
DA:329,0
DA:330,0
DA:331,0
LF:89
LH:8
BRDA:117,0,0,0
BRDA:161,1,0,0
BRDA:169,2,0,0
BRDA:169,2,1,0
BRDA:211,3,0,0
BRDA:263,4,0,0
BRDA:271,5,0,0
BRDA:271,5,1,0
BRDA:311,6,0,0
BRDA:319,7,0,0
BRDA:319,7,1,0
BRF:11
BRH:0
end_of_record
TN:
SF:src\controllers\mobilidadController.ts
FN:81,(anonymous_1)
FN:125,(anonymous_2)
FN:175,(anonymous_3)
FN:227,(anonymous_4)
FN:275,(anonymous_5)
FNF:5
FNH:0
FNDA:0,(anonymous_1)
FNDA:0,(anonymous_2)
FNDA:0,(anonymous_3)
FNDA:0,(anonymous_4)
FNDA:0,(anonymous_5)
DA:3,1
DA:4,1
DA:5,1
DA:81,1
DA:82,0
DA:83,0
DA:84,0
DA:85,0
DA:86,0
DA:88,0
DA:89,0
DA:90,0
DA:91,0
DA:92,0
DA:94,0
DA:95,0
DA:96,0
DA:125,1
DA:126,0
DA:127,0
DA:128,0
DA:129,0
DA:130,0
DA:132,0
DA:133,0
DA:134,0
DA:135,0
DA:136,0
DA:137,0
DA:138,0
DA:140,0
DA:141,0
DA:142,0
DA:145,0
DA:146,0
DA:147,0
DA:175,1
DA:176,0
DA:177,0
DA:178,0
DA:179,0
DA:180,0
DA:182,0
DA:183,0
DA:184,0
DA:185,0
DA:186,0
DA:188,0
DA:189,0
DA:190,0
DA:227,1
DA:228,0
DA:229,0
DA:230,0
DA:231,0
DA:232,0
DA:234,0
DA:235,0
DA:236,0
DA:237,0
DA:238,0
DA:239,0
DA:240,0
DA:241,0
DA:243,0
DA:244,0
DA:245,0
DA:248,0
DA:249,0
DA:250,0
DA:275,1
DA:276,0
DA:277,0
DA:278,0
DA:279,0
DA:280,0
DA:282,0
DA:283,0
DA:284,0
DA:285,0
DA:286,0
DA:287,0
DA:288,0
DA:290,0
DA:291,0
DA:292,0
DA:295,0
DA:296,0
DA:297,0
LF:89
LH:8
BRDA:83,0,0,0
BRDA:127,1,0,0
BRDA:135,2,0,0
BRDA:135,2,1,0
BRDA:177,3,0,0
BRDA:229,4,0,0
BRDA:237,5,0,0
BRDA:237,5,1,0
BRDA:277,6,0,0
BRDA:285,7,0,0
BRDA:285,7,1,0
BRF:11
BRH:0
end_of_record
TN:
SF:src\controllers\residenciaController.ts
FN:71,(anonymous_1)
FN:115,(anonymous_2)
FN:163,(anonymous_3)
FN:213,(anonymous_4)
FN:261,(anonymous_5)
FNF:5
FNH:0
FNDA:0,(anonymous_1)
FNDA:0,(anonymous_2)
FNDA:0,(anonymous_3)
FNDA:0,(anonymous_4)
FNDA:0,(anonymous_5)
DA:3,1
DA:4,1
DA:5,1
DA:71,1
DA:72,0
DA:73,0
DA:74,0
DA:75,0
DA:76,0
DA:78,0
DA:79,0
DA:80,0
DA:81,0
DA:82,0
DA:84,0
DA:85,0
DA:86,0
DA:115,1
DA:116,0
DA:117,0
DA:118,0
DA:119,0
DA:120,0
DA:122,0
DA:123,0
DA:124,0
DA:125,0
DA:126,0
DA:127,0
DA:128,0
DA:130,0
DA:131,0
DA:132,0
DA:135,0
DA:136,0
DA:137,0
DA:163,1
DA:164,0
DA:165,0
DA:166,0
DA:167,0
DA:168,0
DA:170,0
DA:171,0
DA:172,0
DA:173,0
DA:174,0
DA:176,0
DA:177,0
DA:178,0
DA:213,1
DA:214,0
DA:215,0
DA:216,0
DA:217,0
DA:218,0
DA:220,0
DA:221,0
DA:222,0
DA:223,0
DA:224,0
DA:225,0
DA:226,0
DA:227,0
DA:229,0
DA:230,0
DA:231,0
DA:234,0
DA:235,0
DA:236,0
DA:261,1
DA:262,0
DA:263,0
DA:264,0
DA:265,0
DA:266,0
DA:268,0
DA:269,0
DA:270,0
DA:271,0
DA:272,0
DA:273,0
DA:274,0
DA:276,0
DA:277,0
DA:278,0
DA:281,0
DA:282,0
DA:283,0
LF:89
LH:8
BRDA:73,0,0,0
BRDA:117,1,0,0
BRDA:125,2,0,0
BRDA:125,2,1,0
BRDA:165,3,0,0
BRDA:215,4,0,0
BRDA:223,5,0,0
BRDA:223,5,1,0
BRDA:263,6,0,0
BRDA:271,7,0,0
BRDA:271,7,1,0
BRF:11
BRH:0
end_of_record
TN:
SF:src\controllers\viciosController.ts
FN:66,(anonymous_1)
FN:110,(anonymous_2)
FN:158,(anonymous_3)
FN:208,(anonymous_4)
FN:256,(anonymous_5)
FNF:5
FNH:0
FNDA:0,(anonymous_1)
FNDA:0,(anonymous_2)
FNDA:0,(anonymous_3)
FNDA:0,(anonymous_4)
FNDA:0,(anonymous_5)
DA:3,1
DA:4,1
DA:5,1
DA:66,1
DA:67,0
DA:68,0
DA:69,0
DA:70,0
DA:71,0
DA:73,0
DA:74,0
DA:75,0
DA:76,0
DA:77,0
DA:79,0
DA:80,0
DA:81,0
DA:110,1
DA:111,0
DA:112,0
DA:113,0
DA:114,0
DA:115,0
DA:117,0
DA:118,0
DA:119,0
DA:120,0
DA:121,0
DA:122,0
DA:123,0
DA:125,0
DA:126,0
DA:127,0
DA:130,0
DA:131,0
DA:132,0
DA:158,1
DA:159,0
DA:160,0
DA:161,0
DA:162,0
DA:163,0
DA:165,0
DA:166,0
DA:167,0
DA:168,0
DA:169,0
DA:171,0
DA:172,0
DA:173,0
DA:208,1
DA:209,0
DA:210,0
DA:211,0
DA:212,0
DA:213,0
DA:215,0
DA:216,0
DA:217,0
DA:218,0
DA:219,0
DA:220,0
DA:221,0
DA:222,0
DA:224,0
DA:225,0
DA:226,0
DA:229,0
DA:230,0
DA:231,0
DA:256,1
DA:257,0
DA:258,0
DA:259,0
DA:260,0
DA:261,0
DA:263,0
DA:264,0
DA:265,0
DA:266,0
DA:267,0
DA:268,0
DA:269,0
DA:271,0
DA:272,0
DA:273,0
DA:276,0
DA:277,0
DA:278,0
LF:89
LH:8
BRDA:68,0,0,0
BRDA:112,1,0,0
BRDA:120,2,0,0
BRDA:120,2,1,0
BRDA:160,3,0,0
BRDA:210,4,0,0
BRDA:218,5,0,0
BRDA:218,5,1,0
BRDA:258,6,0,0
BRDA:266,7,0,0
BRDA:266,7,1,0
BRF:11
BRH:0
end_of_record
TN:
SF:src\database\db.ts
FNF:0
FNH:0
DA:1,8
DA:2,8
DA:7,8
DA:21,8
DA:49,8
LF:5
LH:5
BRF:0
BRH:0
end_of_record
TN:
SF:src\models\candidato.ts
FNF:0
FNH:0
DA:1,1
DA:2,1
DA:44,1
DA:100,1
LF:4
LH:4
BRF:0
BRH:0
end_of_record
TN:
SF:src\models\contacto.ts
FNF:0
FNH:0
DA:1,1
DA:2,1
DA:44,1
DA:80,1
LF:4
LH:4
BRF:0
BRH:0
end_of_record
TN:
SF:src\models\estudio.ts
FNF:0
FNH:0
DA:1,1
DA:2,1
DA:29,1
DA:61,1
LF:4
LH:4
BRF:0
BRH:0
end_of_record
TN:
SF:src\models\experienciaLaboral.ts
FNF:0
FNH:0
DA:1,1
DA:2,1
DA:53,1
DA:117,1
LF:4
LH:4
BRF:0
BRH:0
end_of_record
TN:
SF:src\models\informacionPersonal.ts
FNF:0
FNH:0
DA:1,1
DA:2,1
DA:65,1
DA:145,1
LF:4
LH:4
BRF:0
BRH:0
end_of_record
TN:
SF:src\models\mobilidad.ts
FNF:0
FNH:0
DA:1,1
DA:2,1
DA:44,1
DA:96,1
LF:4
LH:4
BRF:0
BRH:0
end_of_record
TN:
SF:src\models\residencia.ts
FNF:0
FNH:0
DA:1,1
DA:2,1
DA:35,1
DA:75,1
LF:4
LH:4
BRF:0
BRH:0
end_of_record
TN:
SF:src\models\vicios.ts
FNF:0
FNH:0
DA:1,1
DA:2,1
DA:32,1
DA:68,1
LF:4
LH:4
BRF:0
BRH:0
end_of_record
TN:
SF:src\routes\candidatoRoutes.ts
FNF:0
FNH:0
DA:1,1
DA:2,1
DA:3,1
DA:9,1
DA:10,1
DA:11,1
DA:13,1
DA:41,1
DA:71,1
DA:98,1
DA:148,1
DA:188,1
DA:193,1
LF:13
LH:13
BRF:0
BRH:0
end_of_record
TN:
SF:src\routes\contactoRoutes.ts
FNF:0
FNH:0
DA:1,1
DA:2,1
DA:3,1
DA:11,1
DA:12,1
DA:13,1
DA:15,1
DA:42,1
DA:72,1
DA:104,1
DA:131,1
DA:175,1
DA:208,1
DA:213,1
LF:14
LH:14
BRF:0
BRH:0
end_of_record
TN:
SF:src\routes\estudioRoutes.ts
FNF:0
FNH:0
DA:1,1
DA:2,1
DA:3,1
DA:11,1
DA:12,1
DA:13,1
DA:15,1
DA:42,1
DA:72,1
DA:104,1
DA:131,1
DA:176,1
DA:211,1
DA:216,1
LF:14
LH:14
BRF:0
BRH:0
end_of_record
TN:
SF:src\routes\experienciaLaboralRoutes.ts
FNF:0
FNH:0
DA:1,1
DA:2,1
DA:3,1
DA:11,1
DA:12,1
DA:13,1
DA:15,1
DA:42,1
DA:72,1
DA:104,1
DA:131,1
DA:182,1
DA:223,1
DA:228,1
LF:14
LH:14
BRF:0
BRH:0
end_of_record
TN:
SF:src\routes\informacionPersonalRoutes.ts
FNF:0
FNH:0
DA:1,1
DA:2,1
DA:3,1
DA:10,1
DA:11,1
DA:12,1
DA:14,1
DA:41,1
DA:71,1
DA:98,1
DA:153,1
DA:198,1
DA:203,1
LF:13
LH:13
BRF:0
BRH:0
end_of_record
TN:
SF:src\routes\mobilidadRoutes.ts
FNF:0
FNH:0
DA:1,1
DA:2,1
DA:3,1
DA:10,1
DA:11,1
DA:12,1
DA:14,1
DA:41,1
DA:71,1
DA:98,1
DA:146,1
DA:184,1
DA:189,1
LF:13
LH:13
BRF:0
BRH:0
end_of_record
TN:
SF:src\routes\residenciaRoutes.ts
FNF:0
FNH:0
DA:1,1
DA:2,1
DA:3,1
DA:10,1
DA:11,1
DA:12,1
DA:14,1
DA:41,1
DA:71,1
DA:98,1
DA:143,1
DA:178,1
DA:183,1
LF:13
LH:13
BRF:0
BRH:0
end_of_record
TN:
SF:src\routes\viciosRoutes.ts
FNF:0
FNH:0
DA:1,1
DA:2,1
DA:3,1
DA:10,1
DA:11,1
DA:12,1
DA:14,1
DA:41,1
DA:71,1
DA:100,1
DA:148,1
DA:184,1
DA:189,1
LF:13
LH:13
BRF:0
BRH:0
end_of_record
TN:
SF:src\utils\logger.ts
FN:15,(anonymous_0)
FNF:1
FNH:0
FNDA:0,(anonymous_0)
DA:1,8
DA:11,8
DA:15,0
DA:23,8
LF:4
LH:3
BRF:0
BRH:0
end_of_record
